{"name":"hexo","hostname":"Jakubs-MacBook-Pro.local","pid":47625,"level":20,"msg":"Hexo version: \u001b[35m3.4.0\u001b[39m","time":"2017-11-10T22:54:06.896Z","v":0}
{"name":"hexo","hostname":"Jakubs-MacBook-Pro.local","pid":47625,"level":20,"msg":"Working directory: \u001b[35m~/Desktop/MUME/blog/blog/\u001b[39m","time":"2017-11-10T22:54:06.899Z","v":0}
{"name":"hexo","hostname":"Jakubs-MacBook-Pro.local","pid":47625,"level":20,"msg":"Config loaded: \u001b[35m~/Desktop/MUME/blog/blog/_config.yml\u001b[39m","time":"2017-11-10T22:54:06.978Z","v":0}
{"name":"hexo","hostname":"Jakubs-MacBook-Pro.local","pid":47625,"level":20,"msg":"Plugin loaded: \u001b[35mhexo-generator-archive\u001b[39m","time":"2017-11-10T22:54:06.988Z","v":0}
{"name":"hexo","hostname":"Jakubs-MacBook-Pro.local","pid":47625,"level":20,"msg":"Plugin loaded: \u001b[35mhexo-generator-category\u001b[39m","time":"2017-11-10T22:54:06.989Z","v":0}
{"name":"hexo","hostname":"Jakubs-MacBook-Pro.local","pid":47625,"level":20,"msg":"Plugin loaded: \u001b[35mhexo-generator-index\u001b[39m","time":"2017-11-10T22:54:06.991Z","v":0}
{"name":"hexo","hostname":"Jakubs-MacBook-Pro.local","pid":47625,"level":20,"msg":"Plugin loaded: \u001b[35mhexo-generator-tag\u001b[39m","time":"2017-11-10T22:54:06.991Z","v":0}
{"name":"hexo","hostname":"Jakubs-MacBook-Pro.local","pid":47625,"level":20,"msg":"Plugin loaded: \u001b[35mhexo-renderer-coffeescript\u001b[39m","time":"2017-11-10T22:54:07.035Z","v":0}
{"name":"hexo","hostname":"Jakubs-MacBook-Pro.local","pid":47625,"level":20,"msg":"Plugin loaded: \u001b[35mhexo-renderer-ejs\u001b[39m","time":"2017-11-10T22:54:07.038Z","v":0}
{"name":"hexo","hostname":"Jakubs-MacBook-Pro.local","pid":47625,"level":20,"msg":"Plugin loaded: \u001b[35mhexo-renderer-jade\u001b[39m","time":"2017-11-10T22:54:07.353Z","v":0}
{"name":"hexo","hostname":"Jakubs-MacBook-Pro.local","pid":47625,"level":20,"msg":"Plugin loaded: \u001b[35mhexo-renderer-marked\u001b[39m","time":"2017-11-10T22:54:07.358Z","v":0}
{"name":"hexo","hostname":"Jakubs-MacBook-Pro.local","pid":47625,"level":20,"msg":"Plugin loaded: \u001b[35mhexo-renderer-stylus\u001b[39m","time":"2017-11-10T22:54:07.360Z","v":0}
{"name":"hexo","hostname":"Jakubs-MacBook-Pro.local","pid":47625,"level":20,"msg":"Plugin loaded: \u001b[35mhexo-server\u001b[39m","time":"2017-11-10T22:54:07.440Z","v":0}
{"name":"hexo","hostname":"Jakubs-MacBook-Pro.local","pid":47625,"level":20,"msg":"Script loaded: \u001b[35mthemes/material/scripts/helper.js\u001b[39m","time":"2017-11-10T22:54:07.448Z","v":0}
{"name":"hexo","hostname":"Jakubs-MacBook-Pro.local","pid":47625,"level":20,"msg":"Script loaded: \u001b[35mthemes/material/scripts/lib/css_lsload.js\u001b[39m","time":"2017-11-10T22:54:07.449Z","v":0}
{"name":"hexo","hostname":"Jakubs-MacBook-Pro.local","pid":47625,"level":20,"msg":"Script loaded: \u001b[35mthemes/material/scripts/lib/font_lsload.js\u001b[39m","time":"2017-11-10T22:54:07.449Z","v":0}
{"name":"hexo","hostname":"Jakubs-MacBook-Pro.local","pid":47625,"level":20,"msg":"Script loaded: \u001b[35mthemes/material/scripts/lib/get_file_hex.js\u001b[39m","time":"2017-11-10T22:54:07.449Z","v":0}
{"name":"hexo","hostname":"Jakubs-MacBook-Pro.local","pid":47625,"level":20,"msg":"Script loaded: \u001b[35mthemes/material/scripts/lib/js_hex.js\u001b[39m","time":"2017-11-10T22:54:07.449Z","v":0}
{"name":"hexo","hostname":"Jakubs-MacBook-Pro.local","pid":47625,"level":20,"msg":"Script loaded: \u001b[35mthemes/material/scripts/lib/js_lsload.js\u001b[39m","time":"2017-11-10T22:54:07.450Z","v":0}
{"name":"hexo","hostname":"Jakubs-MacBook-Pro.local","pid":47625,"level":20,"msg":"Script loaded: \u001b[35mthemes/material/scripts/lib/path_for.js\u001b[39m","time":"2017-11-10T22:54:07.450Z","v":0}
{"name":"hexo","hostname":"Jakubs-MacBook-Pro.local","pid":47625,"level":20,"msg":"Loading database.","time":"2017-11-10T22:54:07.459Z","v":0}
{"name":"hexo","hostname":"Jakubs-MacBook-Pro.local","pid":47625,"level":30,"msg":"Start processing","time":"2017-11-10T22:54:07.562Z","v":0}
{"name":"hexo","hostname":"Jakubs-MacBook-Pro.local","pid":47625,"level":20,"msg":"Processed: \u001b[35m_posts/My-New-Post.md\u001b[39m","time":"2017-11-10T22:54:07.684Z","v":0}
{"name":"hexo","hostname":"Jakubs-MacBook-Pro.local","pid":47625,"level":20,"msg":"Processed: \u001b[35m_posts/hello-world.md\u001b[39m","time":"2017-11-10T22:54:07.685Z","v":0}
{"name":"hexo","hostname":"Jakubs-MacBook-Pro.local","pid":47625,"level":20,"msg":"Processed: \u001b[35msource/css/disqus-proxy.css\u001b[39m","time":"2017-11-10T22:54:07.790Z","v":0}
{"name":"hexo","hostname":"Jakubs-MacBook-Pro.local","pid":47625,"level":20,"msg":"Processed: \u001b[35msource/css/disqus-proxy.min.css\u001b[39m","time":"2017-11-10T22:54:07.791Z","v":0}
{"name":"hexo","hostname":"Jakubs-MacBook-Pro.local","pid":47625,"level":20,"msg":"Processed: \u001b[35msource/css/duoshuo.css\u001b[39m","time":"2017-11-10T22:54:07.791Z","v":0}
{"name":"hexo","hostname":"Jakubs-MacBook-Pro.local","pid":47625,"level":20,"msg":"Processed: \u001b[35msource/css/duoshuo.min.css\u001b[39m","time":"2017-11-10T22:54:07.792Z","v":0}
{"name":"hexo","hostname":"Jakubs-MacBook-Pro.local","pid":47625,"level":20,"msg":"Processed: \u001b[35msource/css/fontawesome.min.css\u001b[39m","time":"2017-11-10T22:54:07.792Z","v":0}
{"name":"hexo","hostname":"Jakubs-MacBook-Pro.local","pid":47625,"level":20,"msg":"Processed: \u001b[35msource/css/gallery.min.css\u001b[39m","time":"2017-11-10T22:54:07.792Z","v":0}
{"name":"hexo","hostname":"Jakubs-MacBook-Pro.local","pid":47625,"level":20,"msg":"Processed: \u001b[35msource/css/ie-blocker.css\u001b[39m","time":"2017-11-10T22:54:07.793Z","v":0}
{"name":"hexo","hostname":"Jakubs-MacBook-Pro.local","pid":47625,"level":20,"msg":"Processed: \u001b[35msource/css/material-icons.css\u001b[39m","time":"2017-11-10T22:54:07.793Z","v":0}
{"name":"hexo","hostname":"Jakubs-MacBook-Pro.local","pid":47625,"level":20,"msg":"Processed: \u001b[35msource/css/prettify.css\u001b[39m","time":"2017-11-10T22:54:07.794Z","v":0}
{"name":"hexo","hostname":"Jakubs-MacBook-Pro.local","pid":47625,"level":20,"msg":"Processed: \u001b[35msource/css/prettify.min.css\u001b[39m","time":"2017-11-10T22:54:07.795Z","v":0}
{"name":"hexo","hostname":"Jakubs-MacBook-Pro.local","pid":47625,"level":20,"msg":"Processed: \u001b[35msource/css/uc.css\u001b[39m","time":"2017-11-10T22:54:07.795Z","v":0}
{"name":"hexo","hostname":"Jakubs-MacBook-Pro.local","pid":47625,"level":20,"msg":"Processed: \u001b[35msource/fonts/MaterialIcons-Regular.woff\u001b[39m","time":"2017-11-10T22:54:07.797Z","v":0}
{"name":"hexo","hostname":"Jakubs-MacBook-Pro.local","pid":47625,"level":20,"msg":"Processed: \u001b[35msource/fonts/MaterialIcons-Regular.woff2\u001b[39m","time":"2017-11-10T22:54:07.798Z","v":0}
{"name":"hexo","hostname":"Jakubs-MacBook-Pro.local","pid":47625,"level":20,"msg":"Processed: \u001b[35msource/img/avatar.png\u001b[39m","time":"2017-11-10T22:54:07.799Z","v":0}
{"name":"hexo","hostname":"Jakubs-MacBook-Pro.local","pid":47625,"level":20,"msg":"Processed: \u001b[35msource/img/bg.png\u001b[39m","time":"2017-11-10T22:54:07.799Z","v":0}
{"name":"hexo","hostname":"Jakubs-MacBook-Pro.local","pid":47625,"level":20,"msg":"Processed: \u001b[35msource/img/browserstack_logo.png\u001b[39m","time":"2017-11-10T22:54:07.800Z","v":0}
{"name":"hexo","hostname":"Jakubs-MacBook-Pro.local","pid":47625,"level":20,"msg":"Processed: \u001b[35msource/img/favicon.png\u001b[39m","time":"2017-11-10T22:54:07.800Z","v":0}
{"name":"hexo","hostname":"Jakubs-MacBook-Pro.local","pid":47625,"level":20,"msg":"Processed: \u001b[35msource/img/logo.png\u001b[39m","time":"2017-11-10T22:54:07.802Z","v":0}
{"name":"hexo","hostname":"Jakubs-MacBook-Pro.local","pid":47625,"level":20,"msg":"Processed: \u001b[35msource/img/sidebar_header.png\u001b[39m","time":"2017-11-10T22:54:07.802Z","v":0}
{"name":"hexo","hostname":"Jakubs-MacBook-Pro.local","pid":47625,"level":20,"msg":"Processed: \u001b[35msource/img/upyun_logo.svg\u001b[39m","time":"2017-11-10T22:54:07.802Z","v":0}
{"name":"hexo","hostname":"Jakubs-MacBook-Pro.local","pid":47625,"level":20,"msg":"Processed: \u001b[35msource/js/Valine.min.js\u001b[39m","time":"2017-11-10T22:54:07.803Z","v":0}
{"name":"hexo","hostname":"Jakubs-MacBook-Pro.local","pid":47625,"level":20,"msg":"Processed: \u001b[35msource/js/MathJax.js\u001b[39m","time":"2017-11-10T22:54:07.804Z","v":0}
{"name":"hexo","hostname":"Jakubs-MacBook-Pro.local","pid":47625,"level":20,"msg":"Processed: \u001b[35msource/js/hanabi-browser-bundle.js\u001b[39m","time":"2017-11-10T22:54:07.805Z","v":0}
{"name":"hexo","hostname":"Jakubs-MacBook-Pro.local","pid":47625,"level":20,"msg":"Processed: \u001b[35msource/js/ie-blocker.en.js\u001b[39m","time":"2017-11-10T22:54:07.805Z","v":0}
{"name":"hexo","hostname":"Jakubs-MacBook-Pro.local","pid":47625,"level":20,"msg":"Processed: \u001b[35msource/js/ie-blocker.zhCN.js\u001b[39m","time":"2017-11-10T22:54:07.805Z","v":0}
{"name":"hexo","hostname":"Jakubs-MacBook-Pro.local","pid":47625,"level":20,"msg":"Processed: \u001b[35msource/js/lazyload.min.js\u001b[39m","time":"2017-11-10T22:54:07.806Z","v":0}
{"name":"hexo","hostname":"Jakubs-MacBook-Pro.local","pid":47625,"level":20,"msg":"Processed: \u001b[35msource/js/lsloader.js\u001b[39m","time":"2017-11-10T22:54:07.806Z","v":0}
{"name":"hexo","hostname":"Jakubs-MacBook-Pro.local","pid":47625,"level":20,"msg":"Processed: \u001b[35msource/js/lsloader.min.js\u001b[39m","time":"2017-11-10T22:54:07.807Z","v":0}
{"name":"hexo","hostname":"Jakubs-MacBook-Pro.local","pid":47625,"level":20,"msg":"Processed: \u001b[35msource/js/nprogress.js\u001b[39m","time":"2017-11-10T22:54:07.809Z","v":0}
{"name":"hexo","hostname":"Jakubs-MacBook-Pro.local","pid":47625,"level":20,"msg":"Processed: \u001b[35msource/js/prettify.min.js\u001b[39m","time":"2017-11-10T22:54:07.810Z","v":0}
{"name":"hexo","hostname":"Jakubs-MacBook-Pro.local","pid":47625,"level":20,"msg":"Processed: \u001b[35msource/js/queue.js\u001b[39m","time":"2017-11-10T22:54:07.810Z","v":0}
{"name":"hexo","hostname":"Jakubs-MacBook-Pro.local","pid":47625,"level":20,"msg":"Processed: \u001b[35msource/js/queue.min.js\u001b[39m","time":"2017-11-10T22:54:07.811Z","v":0}
{"name":"hexo","hostname":"Jakubs-MacBook-Pro.local","pid":47625,"level":20,"msg":"Processed: \u001b[35msource/js/smoothscroll.js\u001b[39m","time":"2017-11-10T22:54:07.811Z","v":0}
{"name":"hexo","hostname":"Jakubs-MacBook-Pro.local","pid":47625,"level":20,"msg":"Processed: \u001b[35mlayout/layout.ejs\u001b[39m","time":"2017-11-10T22:54:07.850Z","v":0}
{"name":"hexo","hostname":"Jakubs-MacBook-Pro.local","pid":47625,"level":20,"msg":"Processed: \u001b[35mlayout/index.ejs\u001b[39m","time":"2017-11-10T22:54:07.850Z","v":0}
{"name":"hexo","hostname":"Jakubs-MacBook-Pro.local","pid":47625,"level":20,"msg":"Processed: \u001b[35mlayout/post.ejs\u001b[39m","time":"2017-11-10T22:54:07.850Z","v":0}
{"name":"hexo","hostname":"Jakubs-MacBook-Pro.local","pid":47625,"level":20,"msg":"Processed: \u001b[35mlanguages/de.yml\u001b[39m","time":"2017-11-10T22:54:07.865Z","v":0}
{"name":"hexo","hostname":"Jakubs-MacBook-Pro.local","pid":47625,"level":20,"msg":"Processed: \u001b[35mlanguages/en.yml\u001b[39m","time":"2017-11-10T22:54:07.865Z","v":0}
{"name":"hexo","hostname":"Jakubs-MacBook-Pro.local","pid":47625,"level":20,"msg":"Processed: \u001b[35mlanguages/ar.yml\u001b[39m","time":"2017-11-10T22:54:07.865Z","v":0}
{"name":"hexo","hostname":"Jakubs-MacBook-Pro.local","pid":47625,"level":20,"msg":"Processed: \u001b[35mlanguages/es.yml\u001b[39m","time":"2017-11-10T22:54:07.865Z","v":0}
{"name":"hexo","hostname":"Jakubs-MacBook-Pro.local","pid":47625,"level":20,"msg":"Processed: \u001b[35mlanguages/fr.yml\u001b[39m","time":"2017-11-10T22:54:07.865Z","v":0}
{"name":"hexo","hostname":"Jakubs-MacBook-Pro.local","pid":47625,"level":20,"msg":"Processed: \u001b[35mlanguages/ja.yml\u001b[39m","time":"2017-11-10T22:54:07.865Z","v":0}
{"name":"hexo","hostname":"Jakubs-MacBook-Pro.local","pid":47625,"level":20,"msg":"Processed: \u001b[35mlanguages/ms.yml\u001b[39m","time":"2017-11-10T22:54:07.865Z","v":0}
{"name":"hexo","hostname":"Jakubs-MacBook-Pro.local","pid":47625,"level":20,"msg":"Processed: \u001b[35mlanguages/nl_NL.yml\u001b[39m","time":"2017-11-10T22:54:07.865Z","v":0}
{"name":"hexo","hostname":"Jakubs-MacBook-Pro.local","pid":47625,"level":20,"msg":"Processed: \u001b[35mlanguages/pt-BR.yml\u001b[39m","time":"2017-11-10T22:54:07.865Z","v":0}
{"name":"hexo","hostname":"Jakubs-MacBook-Pro.local","pid":47625,"level":20,"msg":"Processed: \u001b[35mlanguages/ru.yml\u001b[39m","time":"2017-11-10T22:54:07.865Z","v":0}
{"name":"hexo","hostname":"Jakubs-MacBook-Pro.local","pid":47625,"level":20,"msg":"Processed: \u001b[35mlanguages/zh-CN.yml\u001b[39m","time":"2017-11-10T22:54:07.865Z","v":0}
{"name":"hexo","hostname":"Jakubs-MacBook-Pro.local","pid":47625,"level":20,"msg":"Processed: \u001b[35mlanguages/zh-TW.yml\u001b[39m","time":"2017-11-10T22:54:07.865Z","v":0}
{"name":"hexo","hostname":"Jakubs-MacBook-Pro.local","pid":47625,"level":20,"msg":"Processed: \u001b[35msource/css/material.css\u001b[39m","time":"2017-11-10T22:54:07.866Z","v":0}
{"name":"hexo","hostname":"Jakubs-MacBook-Pro.local","pid":47625,"level":20,"msg":"Processed: \u001b[35msource/css/material.min.css\u001b[39m","time":"2017-11-10T22:54:07.867Z","v":0}
{"name":"hexo","hostname":"Jakubs-MacBook-Pro.local","pid":47625,"level":20,"msg":"Processed: \u001b[35msource/css/style.css\u001b[39m","time":"2017-11-10T22:54:07.867Z","v":0}
{"name":"hexo","hostname":"Jakubs-MacBook-Pro.local","pid":47625,"level":20,"msg":"Processed: \u001b[35msource/css/style.min.css\u001b[39m","time":"2017-11-10T22:54:07.867Z","v":0}
{"name":"hexo","hostname":"Jakubs-MacBook-Pro.local","pid":47625,"level":20,"msg":"Processed: \u001b[35msource/fonts/MaterialIcons-Regular.ttf\u001b[39m","time":"2017-11-10T22:54:07.867Z","v":0}
{"name":"hexo","hostname":"Jakubs-MacBook-Pro.local","pid":47625,"level":20,"msg":"Processed: \u001b[35msource/fonts/fontawesome-webfont.woff\u001b[39m","time":"2017-11-10T22:54:07.869Z","v":0}
{"name":"hexo","hostname":"Jakubs-MacBook-Pro.local","pid":47625,"level":20,"msg":"Processed: \u001b[35msource/fonts/fontawesome-webfont.woff2\u001b[39m","time":"2017-11-10T22:54:07.872Z","v":0}
{"name":"hexo","hostname":"Jakubs-MacBook-Pro.local","pid":47625,"level":20,"msg":"Processed: \u001b[35msource/img/daily_pic.png\u001b[39m","time":"2017-11-10T22:54:07.872Z","v":0}
{"name":"hexo","hostname":"Jakubs-MacBook-Pro.local","pid":47625,"level":20,"msg":"Processed: \u001b[35msource/js/jquery.min.js\u001b[39m","time":"2017-11-10T22:54:07.873Z","v":0}
{"name":"hexo","hostname":"Jakubs-MacBook-Pro.local","pid":47625,"level":20,"msg":"Processed: \u001b[35msource/js/js.js\u001b[39m","time":"2017-11-10T22:54:07.873Z","v":0}
{"name":"hexo","hostname":"Jakubs-MacBook-Pro.local","pid":47625,"level":20,"msg":"Processed: \u001b[35msource/js/js.min.js\u001b[39m","time":"2017-11-10T22:54:07.873Z","v":0}
{"name":"hexo","hostname":"Jakubs-MacBook-Pro.local","pid":47625,"level":20,"msg":"Processed: \u001b[35mlayout/_partial/Isolation-post-info.ejs\u001b[39m","time":"2017-11-10T22:54:07.884Z","v":0}
{"name":"hexo","hostname":"Jakubs-MacBook-Pro.local","pid":47625,"level":20,"msg":"Processed: \u001b[35msource/css/prettify/atelier-cave-light.min.css\u001b[39m","time":"2017-11-10T22:54:07.910Z","v":0}
{"name":"hexo","hostname":"Jakubs-MacBook-Pro.local","pid":47625,"level":20,"msg":"Processed: \u001b[35msource/css/prettify/atelier-cave-dark.min.css\u001b[39m","time":"2017-11-10T22:54:07.910Z","v":0}
{"name":"hexo","hostname":"Jakubs-MacBook-Pro.local","pid":47625,"level":20,"msg":"Processed: \u001b[35msource/css/prettify/atelier-dune-dark.min.css\u001b[39m","time":"2017-11-10T22:54:07.911Z","v":0}
{"name":"hexo","hostname":"Jakubs-MacBook-Pro.local","pid":47625,"level":20,"msg":"Processed: \u001b[35msource/css/prettify/atelier-dune-light.min.css\u001b[39m","time":"2017-11-10T22:54:07.911Z","v":0}
{"name":"hexo","hostname":"Jakubs-MacBook-Pro.local","pid":47625,"level":20,"msg":"Processed: \u001b[35msource/css/prettify/atelier-estuary-dark.min.css\u001b[39m","time":"2017-11-10T22:54:07.911Z","v":0}
{"name":"hexo","hostname":"Jakubs-MacBook-Pro.local","pid":47625,"level":20,"msg":"Processed: \u001b[35msource/css/prettify/atelier-estuary-light.min.css\u001b[39m","time":"2017-11-10T22:54:07.911Z","v":0}
{"name":"hexo","hostname":"Jakubs-MacBook-Pro.local","pid":47625,"level":20,"msg":"Processed: \u001b[35msource/css/prettify/atelier-forest-dark.min.css\u001b[39m","time":"2017-11-10T22:54:07.911Z","v":0}
{"name":"hexo","hostname":"Jakubs-MacBook-Pro.local","pid":47625,"level":20,"msg":"Processed: \u001b[35msource/css/prettify/atelier-forest-light.min.css\u001b[39m","time":"2017-11-10T22:54:07.912Z","v":0}
{"name":"hexo","hostname":"Jakubs-MacBook-Pro.local","pid":47625,"level":20,"msg":"Processed: \u001b[35msource/css/prettify/atelier-heath-dark.min.css\u001b[39m","time":"2017-11-10T22:54:07.912Z","v":0}
{"name":"hexo","hostname":"Jakubs-MacBook-Pro.local","pid":47625,"level":20,"msg":"Processed: \u001b[35msource/css/prettify/atelier-heath-light.min.css\u001b[39m","time":"2017-11-10T22:54:07.913Z","v":0}
{"name":"hexo","hostname":"Jakubs-MacBook-Pro.local","pid":47625,"level":20,"msg":"Processed: \u001b[35msource/css/prettify/atelier-lakeside-dark.min.css\u001b[39m","time":"2017-11-10T22:54:07.913Z","v":0}
{"name":"hexo","hostname":"Jakubs-MacBook-Pro.local","pid":47625,"level":20,"msg":"Processed: \u001b[35msource/css/prettify/atelier-lakeside-light.min.css\u001b[39m","time":"2017-11-10T22:54:07.913Z","v":0}
{"name":"hexo","hostname":"Jakubs-MacBook-Pro.local","pid":47625,"level":20,"msg":"Processed: \u001b[35msource/css/prettify/atelier-plateau-dark.min.css\u001b[39m","time":"2017-11-10T22:54:07.914Z","v":0}
{"name":"hexo","hostname":"Jakubs-MacBook-Pro.local","pid":47625,"level":20,"msg":"Processed: \u001b[35msource/css/prettify/atelier-plateau-light.min.css\u001b[39m","time":"2017-11-10T22:54:07.914Z","v":0}
{"name":"hexo","hostname":"Jakubs-MacBook-Pro.local","pid":47625,"level":20,"msg":"Processed: \u001b[35msource/css/prettify/atelier-savanna-dark.min.css\u001b[39m","time":"2017-11-10T22:54:07.914Z","v":0}
{"name":"hexo","hostname":"Jakubs-MacBook-Pro.local","pid":47625,"level":20,"msg":"Processed: \u001b[35msource/css/prettify/atelier-savanna-light.min.css\u001b[39m","time":"2017-11-10T22:54:07.922Z","v":0}
{"name":"hexo","hostname":"Jakubs-MacBook-Pro.local","pid":47625,"level":20,"msg":"Processed: \u001b[35msource/css/prettify/atelier-seaside-dark.min.css\u001b[39m","time":"2017-11-10T22:54:07.923Z","v":0}
{"name":"hexo","hostname":"Jakubs-MacBook-Pro.local","pid":47625,"level":20,"msg":"Processed: \u001b[35msource/css/prettify/atelier-seaside-light.min.css\u001b[39m","time":"2017-11-10T22:54:07.923Z","v":0}
{"name":"hexo","hostname":"Jakubs-MacBook-Pro.local","pid":47625,"level":20,"msg":"Processed: \u001b[35msource/css/prettify/atelier-sulphurpool-dark.min.css\u001b[39m","time":"2017-11-10T22:54:07.923Z","v":0}
{"name":"hexo","hostname":"Jakubs-MacBook-Pro.local","pid":47625,"level":20,"msg":"Processed: \u001b[35msource/css/prettify/atelier-sulphurpool-light.min.css\u001b[39m","time":"2017-11-10T22:54:07.924Z","v":0}
{"name":"hexo","hostname":"Jakubs-MacBook-Pro.local","pid":47625,"level":20,"msg":"Processed: \u001b[35msource/css/prettify/github-v2.min.css\u001b[39m","time":"2017-11-10T22:54:07.924Z","v":0}
{"name":"hexo","hostname":"Jakubs-MacBook-Pro.local","pid":47625,"level":20,"msg":"Processed: \u001b[35msource/css/prettify/github.min.css\u001b[39m","time":"2017-11-10T22:54:07.925Z","v":0}
{"name":"hexo","hostname":"Jakubs-MacBook-Pro.local","pid":47625,"level":20,"msg":"Processed: \u001b[35msource/css/prettify/hemisu-dark.min.css\u001b[39m","time":"2017-11-10T22:54:07.925Z","v":0}
{"name":"hexo","hostname":"Jakubs-MacBook-Pro.local","pid":47625,"level":20,"msg":"Processed: \u001b[35msource/css/prettify/hemisu-light.min.css\u001b[39m","time":"2017-11-10T22:54:07.925Z","v":0}
{"name":"hexo","hostname":"Jakubs-MacBook-Pro.local","pid":47625,"level":20,"msg":"Processed: \u001b[35msource/css/prettify/tomorrow-night-blue.min.css\u001b[39m","time":"2017-11-10T22:54:07.925Z","v":0}
{"name":"hexo","hostname":"Jakubs-MacBook-Pro.local","pid":47625,"level":20,"msg":"Processed: \u001b[35msource/css/prettify/tomorrow-night-bright.min.css\u001b[39m","time":"2017-11-10T22:54:07.926Z","v":0}
{"name":"hexo","hostname":"Jakubs-MacBook-Pro.local","pid":47625,"level":20,"msg":"Processed: \u001b[35msource/css/prettify/tomorrow-night-eighties.min.css\u001b[39m","time":"2017-11-10T22:54:07.926Z","v":0}
{"name":"hexo","hostname":"Jakubs-MacBook-Pro.local","pid":47625,"level":20,"msg":"Processed: \u001b[35msource/css/prettify/tomorrow-night.min.css\u001b[39m","time":"2017-11-10T22:54:07.926Z","v":0}
{"name":"hexo","hostname":"Jakubs-MacBook-Pro.local","pid":47625,"level":20,"msg":"Processed: \u001b[35msource/css/prettify/tomorrow.min.css\u001b[39m","time":"2017-11-10T22:54:07.926Z","v":0}
{"name":"hexo","hostname":"Jakubs-MacBook-Pro.local","pid":47625,"level":20,"msg":"Processed: \u001b[35msource/css/prettify/tranquil-heart.min.css\u001b[39m","time":"2017-11-10T22:54:07.926Z","v":0}
{"name":"hexo","hostname":"Jakubs-MacBook-Pro.local","pid":47625,"level":20,"msg":"Processed: \u001b[35msource/css/prettify/vibrant-ink.min.css\u001b[39m","time":"2017-11-10T22:54:07.927Z","v":0}
{"name":"hexo","hostname":"Jakubs-MacBook-Pro.local","pid":47625,"level":20,"msg":"Processed: \u001b[35msource/fonts/FontAwesome.otf\u001b[39m","time":"2017-11-10T22:54:07.927Z","v":0}
{"name":"hexo","hostname":"Jakubs-MacBook-Pro.local","pid":47625,"level":20,"msg":"Processed: \u001b[35msource/fonts/MaterialIcons-Regular.eot\u001b[39m","time":"2017-11-10T22:54:07.927Z","v":0}
{"name":"hexo","hostname":"Jakubs-MacBook-Pro.local","pid":47625,"level":20,"msg":"Processed: \u001b[35msource/fonts/fontawesome-webfont.eot\u001b[39m","time":"2017-11-10T22:54:07.927Z","v":0}
{"name":"hexo","hostname":"Jakubs-MacBook-Pro.local","pid":47625,"level":20,"msg":"Processed: \u001b[35msource/fonts/fontawesome-webfont.ttf\u001b[39m","time":"2017-11-10T22:54:07.927Z","v":0}
{"name":"hexo","hostname":"Jakubs-MacBook-Pro.local","pid":47625,"level":20,"msg":"Processed: \u001b[35msource/img/footer/footer_ico-facebook.svg\u001b[39m","time":"2017-11-10T22:54:07.928Z","v":0}
{"name":"hexo","hostname":"Jakubs-MacBook-Pro.local","pid":47625,"level":20,"msg":"Processed: \u001b[35msource/img/footer/footer_ico-bilibili.svg\u001b[39m","time":"2017-11-10T22:54:07.928Z","v":0}
{"name":"hexo","hostname":"Jakubs-MacBook-Pro.local","pid":47625,"level":20,"msg":"Processed: \u001b[35msource/img/footer/footer_ico-github.svg\u001b[39m","time":"2017-11-10T22:54:07.928Z","v":0}
{"name":"hexo","hostname":"Jakubs-MacBook-Pro.local","pid":47625,"level":20,"msg":"Processed: \u001b[35msource/img/footer/footer_ico-gplus.svg\u001b[39m","time":"2017-11-10T22:54:07.928Z","v":0}
{"name":"hexo","hostname":"Jakubs-MacBook-Pro.local","pid":47625,"level":20,"msg":"Processed: \u001b[35msource/img/footer/footer_ico-instagram.svg\u001b[39m","time":"2017-11-10T22:54:07.929Z","v":0}
{"name":"hexo","hostname":"Jakubs-MacBook-Pro.local","pid":47625,"level":20,"msg":"Processed: \u001b[35msource/img/footer/footer_ico-linkedin.svg\u001b[39m","time":"2017-11-10T22:54:07.929Z","v":0}
{"name":"hexo","hostname":"Jakubs-MacBook-Pro.local","pid":47625,"level":20,"msg":"Processed: \u001b[35msource/img/footer/footer_ico-telegram.svg\u001b[39m","time":"2017-11-10T22:54:07.929Z","v":0}
{"name":"hexo","hostname":"Jakubs-MacBook-Pro.local","pid":47625,"level":20,"msg":"Processed: \u001b[35msource/img/footer/footer_ico-tumblr.svg\u001b[39m","time":"2017-11-10T22:54:07.929Z","v":0}
{"name":"hexo","hostname":"Jakubs-MacBook-Pro.local","pid":47625,"level":20,"msg":"Processed: \u001b[35msource/img/footer/footer_ico-twitter.svg\u001b[39m","time":"2017-11-10T22:54:07.930Z","v":0}
{"name":"hexo","hostname":"Jakubs-MacBook-Pro.local","pid":47625,"level":20,"msg":"Processed: \u001b[35msource/img/footer/footer_ico-v2ex.svg\u001b[39m","time":"2017-11-10T22:54:07.930Z","v":0}
{"name":"hexo","hostname":"Jakubs-MacBook-Pro.local","pid":47625,"level":20,"msg":"Processed: \u001b[35msource/img/footer/footer_ico-weibo.svg\u001b[39m","time":"2017-11-10T22:54:07.930Z","v":0}
{"name":"hexo","hostname":"Jakubs-MacBook-Pro.local","pid":47625,"level":20,"msg":"Processed: \u001b[35msource/img/footer/footer_ico-zhihu.svg\u001b[39m","time":"2017-11-10T22:54:07.931Z","v":0}
{"name":"hexo","hostname":"Jakubs-MacBook-Pro.local","pid":47625,"level":20,"msg":"Processed: \u001b[35msource/img/gallery/close.svg\u001b[39m","time":"2017-11-10T22:54:07.931Z","v":0}
{"name":"hexo","hostname":"Jakubs-MacBook-Pro.local","pid":47625,"level":20,"msg":"Processed: \u001b[35msource/img/gallery/arrow.svg\u001b[39m","time":"2017-11-10T22:54:07.931Z","v":0}
{"name":"hexo","hostname":"Jakubs-MacBook-Pro.local","pid":47625,"level":20,"msg":"Processed: \u001b[35msource/img/gallery/spinner.svg\u001b[39m","time":"2017-11-10T22:54:07.932Z","v":0}
{"name":"hexo","hostname":"Jakubs-MacBook-Pro.local","pid":47625,"level":20,"msg":"Processed: \u001b[35msource/img/random/material-10.png\u001b[39m","time":"2017-11-10T22:54:07.932Z","v":0}
{"name":"hexo","hostname":"Jakubs-MacBook-Pro.local","pid":47625,"level":20,"msg":"Processed: \u001b[35msource/img/random/material-12.png\u001b[39m","time":"2017-11-10T22:54:07.932Z","v":0}
{"name":"hexo","hostname":"Jakubs-MacBook-Pro.local","pid":47625,"level":20,"msg":"Processed: \u001b[35msource/img/random/material-17.png\u001b[39m","time":"2017-11-10T22:54:07.932Z","v":0}
{"name":"hexo","hostname":"Jakubs-MacBook-Pro.local","pid":47625,"level":20,"msg":"Processed: \u001b[35msource/img/random/material-19.png\u001b[39m","time":"2017-11-10T22:54:07.932Z","v":0}
{"name":"hexo","hostname":"Jakubs-MacBook-Pro.local","pid":47625,"level":20,"msg":"Processed: \u001b[35msource/img/random/material-3.png\u001b[39m","time":"2017-11-10T22:54:07.933Z","v":0}
{"name":"hexo","hostname":"Jakubs-MacBook-Pro.local","pid":47625,"level":20,"msg":"Processed: \u001b[35msource/img/random/material-4.png\u001b[39m","time":"2017-11-10T22:54:07.933Z","v":0}
{"name":"hexo","hostname":"Jakubs-MacBook-Pro.local","pid":47625,"level":20,"msg":"Processed: \u001b[35msource/img/random/material-6.png\u001b[39m","time":"2017-11-10T22:54:07.933Z","v":0}
{"name":"hexo","hostname":"Jakubs-MacBook-Pro.local","pid":47625,"level":20,"msg":"Processed: \u001b[35msource/img/random/material-8.png\u001b[39m","time":"2017-11-10T22:54:07.933Z","v":0}
{"name":"hexo","hostname":"Jakubs-MacBook-Pro.local","pid":47625,"level":20,"msg":"Processed: \u001b[35msource/img/random/material-9.png\u001b[39m","time":"2017-11-10T22:54:07.934Z","v":0}
{"name":"hexo","hostname":"Jakubs-MacBook-Pro.local","pid":47625,"level":20,"msg":"Processed: \u001b[35msource/js/gallery/gallery.js\u001b[39m","time":"2017-11-10T22:54:07.934Z","v":0}
{"name":"hexo","hostname":"Jakubs-MacBook-Pro.local","pid":47625,"level":20,"msg":"Processed: \u001b[35mlayout/_partial/Isolation-post_entry.ejs\u001b[39m","time":"2017-11-10T22:54:07.967Z","v":0}
{"name":"hexo","hostname":"Jakubs-MacBook-Pro.local","pid":47625,"level":20,"msg":"Processed: \u001b[35mlayout/_partial/Paradox-post-info.ejs\u001b[39m","time":"2017-11-10T22:54:07.967Z","v":0}
{"name":"hexo","hostname":"Jakubs-MacBook-Pro.local","pid":47625,"level":20,"msg":"Processed: \u001b[35mlayout/_partial/Paradox-post-thumbnail.ejs\u001b[39m","time":"2017-11-10T22:54:07.967Z","v":0}
{"name":"hexo","hostname":"Jakubs-MacBook-Pro.local","pid":47625,"level":20,"msg":"Processed: \u001b[35mlayout/_partial/Paradox-post_entry-thumbnail.ejs\u001b[39m","time":"2017-11-10T22:54:07.967Z","v":0}
{"name":"hexo","hostname":"Jakubs-MacBook-Pro.local","pid":47625,"level":20,"msg":"Processed: \u001b[35mlayout/_partial/Paradox-search.ejs\u001b[39m","time":"2017-11-10T22:54:07.967Z","v":0}
{"name":"hexo","hostname":"Jakubs-MacBook-Pro.local","pid":47625,"level":20,"msg":"Processed: \u001b[35mlayout/_partial/Paradox-post_entry.ejs\u001b[39m","time":"2017-11-10T22:54:07.967Z","v":0}
{"name":"hexo","hostname":"Jakubs-MacBook-Pro.local","pid":47625,"level":20,"msg":"Processed: \u001b[35mlayout/_partial/blog_info.ejs\u001b[39m","time":"2017-11-10T22:54:07.967Z","v":0}
{"name":"hexo","hostname":"Jakubs-MacBook-Pro.local","pid":47625,"level":20,"msg":"Processed: \u001b[35mlayout/_partial/comment.ejs\u001b[39m","time":"2017-11-10T22:54:07.967Z","v":0}
{"name":"hexo","hostname":"Jakubs-MacBook-Pro.local","pid":47625,"level":20,"msg":"Processed: \u001b[35mlayout/_partial/config_css.ejs\u001b[39m","time":"2017-11-10T22:54:07.967Z","v":0}
{"name":"hexo","hostname":"Jakubs-MacBook-Pro.local","pid":47625,"level":20,"msg":"Processed: \u001b[35mlayout/_partial/config_font.ejs\u001b[39m","time":"2017-11-10T22:54:07.967Z","v":0}
{"name":"hexo","hostname":"Jakubs-MacBook-Pro.local","pid":47625,"level":20,"msg":"Processed: \u001b[35mlayout/_partial/daily_pic.ejs\u001b[39m","time":"2017-11-10T22:54:07.967Z","v":0}
{"name":"hexo","hostname":"Jakubs-MacBook-Pro.local","pid":47625,"level":20,"msg":"Processed: \u001b[35mlayout/_partial/footer-left.ejs\u001b[39m","time":"2017-11-10T22:54:07.967Z","v":0}
{"name":"hexo","hostname":"Jakubs-MacBook-Pro.local","pid":47625,"level":20,"msg":"Processed: \u001b[35mlayout/_partial/footer-option.ejs\u001b[39m","time":"2017-11-10T22:54:07.967Z","v":0}
{"name":"hexo","hostname":"Jakubs-MacBook-Pro.local","pid":47625,"level":20,"msg":"Processed: \u001b[35mlayout/_partial/footer.ejs\u001b[39m","time":"2017-11-10T22:54:07.967Z","v":0}
{"name":"hexo","hostname":"Jakubs-MacBook-Pro.local","pid":47625,"level":20,"msg":"Processed: \u001b[35mlayout/_partial/footer_top.ejs\u001b[39m","time":"2017-11-10T22:54:07.967Z","v":0}
{"name":"hexo","hostname":"Jakubs-MacBook-Pro.local","pid":47625,"level":20,"msg":"Processed: \u001b[35mlayout/_partial/head.ejs\u001b[39m","time":"2017-11-10T22:54:07.967Z","v":0}
{"name":"hexo","hostname":"Jakubs-MacBook-Pro.local","pid":47625,"level":20,"msg":"Processed: \u001b[35mlayout/_partial/import_js.ejs\u001b[39m","time":"2017-11-10T22:54:07.967Z","v":0}
{"name":"hexo","hostname":"Jakubs-MacBook-Pro.local","pid":47625,"level":20,"msg":"Processed: \u001b[35mlayout/_partial/isolate-sns_list.ejs\u001b[39m","time":"2017-11-10T22:54:07.973Z","v":0}
{"name":"hexo","hostname":"Jakubs-MacBook-Pro.local","pid":47625,"level":20,"msg":"Processed: \u001b[35mlayout/_partial/isolate_info.ejs\u001b[39m","time":"2017-11-10T22:54:07.973Z","v":0}
{"name":"hexo","hostname":"Jakubs-MacBook-Pro.local","pid":47625,"level":20,"msg":"Processed: \u001b[35mlayout/_partial/post-content.ejs\u001b[39m","time":"2017-11-10T22:54:07.973Z","v":0}
{"name":"hexo","hostname":"Jakubs-MacBook-Pro.local","pid":47625,"level":20,"msg":"Processed: \u001b[35mlayout/_partial/post-header.ejs\u001b[39m","time":"2017-11-10T22:54:07.973Z","v":0}
{"name":"hexo","hostname":"Jakubs-MacBook-Pro.local","pid":47625,"level":20,"msg":"Processed: \u001b[35mlayout/_partial/post-info-share.ejs\u001b[39m","time":"2017-11-10T22:54:07.973Z","v":0}
{"name":"hexo","hostname":"Jakubs-MacBook-Pro.local","pid":47625,"level":20,"msg":"Processed: \u001b[35mlayout/_partial/post-nav.ejs\u001b[39m","time":"2017-11-10T22:54:07.973Z","v":0}
{"name":"hexo","hostname":"Jakubs-MacBook-Pro.local","pid":47625,"level":20,"msg":"Processed: \u001b[35mlayout/_partial/sidebar-footer.ejs\u001b[39m","time":"2017-11-10T22:54:07.973Z","v":0}
{"name":"hexo","hostname":"Jakubs-MacBook-Pro.local","pid":47625,"level":20,"msg":"Processed: \u001b[35mlayout/_partial/sidebar-footer_image.ejs\u001b[39m","time":"2017-11-10T22:54:07.973Z","v":0}
{"name":"hexo","hostname":"Jakubs-MacBook-Pro.local","pid":47625,"level":20,"msg":"Processed: \u001b[35mlayout/_partial/sidebar-header.ejs\u001b[39m","time":"2017-11-10T22:54:07.974Z","v":0}
{"name":"hexo","hostname":"Jakubs-MacBook-Pro.local","pid":47625,"level":20,"msg":"Processed: \u001b[35mlayout/_partial/sidebar-navigation.ejs\u001b[39m","time":"2017-11-10T22:54:07.974Z","v":0}
{"name":"hexo","hostname":"Jakubs-MacBook-Pro.local","pid":47625,"level":20,"msg":"Processed: \u001b[35mlayout/_partial/sidebar.ejs\u001b[39m","time":"2017-11-10T22:54:07.974Z","v":0}
{"name":"hexo","hostname":"Jakubs-MacBook-Pro.local","pid":47625,"level":20,"msg":"Processed: \u001b[35mlayout/_partial/structured-data.ejs\u001b[39m","time":"2017-11-10T22:54:07.974Z","v":0}
{"name":"hexo","hostname":"Jakubs-MacBook-Pro.local","pid":47625,"level":20,"msg":"Processed: \u001b[35mlayout/_partial/toc_button.ejs\u001b[39m","time":"2017-11-10T22:54:07.974Z","v":0}
{"name":"hexo","hostname":"Jakubs-MacBook-Pro.local","pid":47625,"level":20,"msg":"Processed: \u001b[35mlayout/_widget/dnsprefetch.ejs\u001b[39m","time":"2017-11-10T22:54:07.974Z","v":0}
{"name":"hexo","hostname":"Jakubs-MacBook-Pro.local","pid":47625,"level":20,"msg":"Processed: \u001b[35mlayout/_widget/leancloud-like.ejs\u001b[39m","time":"2017-11-10T22:54:07.974Z","v":0}
{"name":"hexo","hostname":"Jakubs-MacBook-Pro.local","pid":47625,"level":20,"msg":"Processed: \u001b[35mlayout/_widget/leancloud-views.ejs\u001b[39m","time":"2017-11-10T22:54:07.974Z","v":0}
{"name":"hexo","hostname":"Jakubs-MacBook-Pro.local","pid":47625,"level":20,"msg":"Processed: \u001b[35mlayout/_widget/mathjax.ejs\u001b[39m","time":"2017-11-10T22:54:07.974Z","v":0}
{"name":"hexo","hostname":"Jakubs-MacBook-Pro.local","pid":47625,"level":20,"msg":"Processed: \u001b[35mlayout/_widget/leancloud-views_num.ejs\u001b[39m","time":"2017-11-10T22:54:07.974Z","v":0}
{"name":"hexo","hostname":"Jakubs-MacBook-Pro.local","pid":47625,"level":20,"msg":"Processed: \u001b[35mlayout/_widget/nprogress.ejs\u001b[39m","time":"2017-11-10T22:54:07.974Z","v":0}
{"name":"hexo","hostname":"Jakubs-MacBook-Pro.local","pid":47625,"level":20,"msg":"Processed: \u001b[35mlayout/_widget/page-gallery.ejs\u001b[39m","time":"2017-11-10T22:54:07.974Z","v":0}
{"name":"hexo","hostname":"Jakubs-MacBook-Pro.local","pid":47625,"level":20,"msg":"Processed: \u001b[35mlayout/_widget/page-links.ejs\u001b[39m","time":"2017-11-10T22:54:07.975Z","v":0}
{"name":"hexo","hostname":"Jakubs-MacBook-Pro.local","pid":47625,"level":20,"msg":"Processed: \u001b[35mlayout/_widget/page-tagcloud.ejs\u001b[39m","time":"2017-11-10T22:54:07.975Z","v":0}
{"name":"hexo","hostname":"Jakubs-MacBook-Pro.local","pid":47625,"level":20,"msg":"Processed: \u001b[35mlayout/_widget/page-timeline.ejs\u001b[39m","time":"2017-11-10T22:54:07.975Z","v":0}
{"name":"hexo","hostname":"Jakubs-MacBook-Pro.local","pid":47625,"level":20,"msg":"Processed: \u001b[35mlayout/_widget/qrcode.ejs\u001b[39m","time":"2017-11-10T22:54:07.975Z","v":0}
{"name":"hexo","hostname":"Jakubs-MacBook-Pro.local","pid":47625,"level":20,"msg":"Processed: \u001b[35mlayout/_widget/search-local-js.ejs\u001b[39m","time":"2017-11-10T22:54:07.975Z","v":0}
{"name":"hexo","hostname":"Jakubs-MacBook-Pro.local","pid":47625,"level":20,"msg":"Processed: \u001b[35mlayout/_widget/search-swiftype-js.ejs\u001b[39m","time":"2017-11-10T22:54:07.975Z","v":0}
{"name":"hexo","hostname":"Jakubs-MacBook-Pro.local","pid":47625,"level":20,"msg":"Processed: \u001b[35msource/img/random/material-1.png\u001b[39m","time":"2017-11-10T22:54:07.978Z","v":0}
{"name":"hexo","hostname":"Jakubs-MacBook-Pro.local","pid":47625,"level":20,"msg":"Processed: \u001b[35msource/img/random/material-11.png\u001b[39m","time":"2017-11-10T22:54:07.978Z","v":0}
{"name":"hexo","hostname":"Jakubs-MacBook-Pro.local","pid":47625,"level":20,"msg":"Processed: \u001b[35msource/img/random/material-13.png\u001b[39m","time":"2017-11-10T22:54:07.978Z","v":0}
{"name":"hexo","hostname":"Jakubs-MacBook-Pro.local","pid":47625,"level":20,"msg":"Processed: \u001b[35msource/img/random/material-14.png\u001b[39m","time":"2017-11-10T22:54:07.979Z","v":0}
{"name":"hexo","hostname":"Jakubs-MacBook-Pro.local","pid":47625,"level":20,"msg":"Processed: \u001b[35msource/img/random/material-15.png\u001b[39m","time":"2017-11-10T22:54:07.979Z","v":0}
{"name":"hexo","hostname":"Jakubs-MacBook-Pro.local","pid":47625,"level":20,"msg":"Processed: \u001b[35msource/img/random/material-16.png\u001b[39m","time":"2017-11-10T22:54:07.979Z","v":0}
{"name":"hexo","hostname":"Jakubs-MacBook-Pro.local","pid":47625,"level":20,"msg":"Processed: \u001b[35msource/img/random/material-18.png\u001b[39m","time":"2017-11-10T22:54:07.979Z","v":0}
{"name":"hexo","hostname":"Jakubs-MacBook-Pro.local","pid":47625,"level":20,"msg":"Processed: \u001b[35msource/img/random/material-2.png\u001b[39m","time":"2017-11-10T22:54:07.979Z","v":0}
{"name":"hexo","hostname":"Jakubs-MacBook-Pro.local","pid":47625,"level":20,"msg":"Processed: \u001b[35msource/img/random/material-5.png\u001b[39m","time":"2017-11-10T22:54:07.979Z","v":0}
{"name":"hexo","hostname":"Jakubs-MacBook-Pro.local","pid":47625,"level":20,"msg":"Processed: \u001b[35msource/img/random/material-7.png\u001b[39m","time":"2017-11-10T22:54:07.979Z","v":0}
{"name":"hexo","hostname":"Jakubs-MacBook-Pro.local","pid":47625,"level":20,"msg":"Processed: \u001b[35mlayout/_widget/analytics/cnzz-analytics.ejs\u001b[39m","time":"2017-11-10T22:54:07.985Z","v":0}
{"name":"hexo","hostname":"Jakubs-MacBook-Pro.local","pid":47625,"level":20,"msg":"Processed: \u001b[35mlayout/_widget/analytics/baidu-analytics.ejs\u001b[39m","time":"2017-11-10T22:54:07.985Z","v":0}
{"name":"hexo","hostname":"Jakubs-MacBook-Pro.local","pid":47625,"level":20,"msg":"Processed: \u001b[35mlayout/_widget/analytics/google-analytics.ejs\u001b[39m","time":"2017-11-10T22:54:07.985Z","v":0}
{"name":"hexo","hostname":"Jakubs-MacBook-Pro.local","pid":47625,"level":20,"msg":"Processed: \u001b[35mlayout/_widget/comment/livere/common.ejs\u001b[39m","time":"2017-11-10T22:54:07.987Z","v":0}
{"name":"hexo","hostname":"Jakubs-MacBook-Pro.local","pid":47625,"level":20,"msg":"Processed: \u001b[35msource/fonts/fontawesome-webfont.svg\u001b[39m","time":"2017-11-10T22:54:07.987Z","v":0}
{"name":"hexo","hostname":"Jakubs-MacBook-Pro.local","pid":47625,"level":20,"msg":"Processed: \u001b[35mlayout/_widget/comment/changyan/main.ejs\u001b[39m","time":"2017-11-10T22:54:07.996Z","v":0}
{"name":"hexo","hostname":"Jakubs-MacBook-Pro.local","pid":47625,"level":20,"msg":"Processed: \u001b[35mlayout/_widget/comment/changyan/enter.ejs\u001b[39m","time":"2017-11-10T22:54:07.996Z","v":0}
{"name":"hexo","hostname":"Jakubs-MacBook-Pro.local","pid":47625,"level":20,"msg":"Processed: \u001b[35mlayout/_widget/comment/changyan/common.ejs\u001b[39m","time":"2017-11-10T22:54:07.996Z","v":0}
{"name":"hexo","hostname":"Jakubs-MacBook-Pro.local","pid":47625,"level":20,"msg":"Processed: \u001b[35mlayout/_widget/comment/disqus/common.ejs\u001b[39m","time":"2017-11-10T22:54:07.996Z","v":0}
{"name":"hexo","hostname":"Jakubs-MacBook-Pro.local","pid":47625,"level":20,"msg":"Processed: \u001b[35mlayout/_widget/comment/disqus/enter.ejs\u001b[39m","time":"2017-11-10T22:54:07.997Z","v":0}
{"name":"hexo","hostname":"Jakubs-MacBook-Pro.local","pid":47625,"level":20,"msg":"Processed: \u001b[35mlayout/_widget/comment/disqus/main.ejs\u001b[39m","time":"2017-11-10T22:54:07.997Z","v":0}
{"name":"hexo","hostname":"Jakubs-MacBook-Pro.local","pid":47625,"level":20,"msg":"Processed: \u001b[35mlayout/_widget/comment/disqus_click/common.ejs\u001b[39m","time":"2017-11-10T22:54:07.997Z","v":0}
{"name":"hexo","hostname":"Jakubs-MacBook-Pro.local","pid":47625,"level":20,"msg":"Processed: \u001b[35mlayout/_widget/comment/disqus_click/enter.ejs\u001b[39m","time":"2017-11-10T22:54:07.997Z","v":0}
{"name":"hexo","hostname":"Jakubs-MacBook-Pro.local","pid":47625,"level":20,"msg":"Processed: \u001b[35mlayout/_widget/comment/disqus_click/main.ejs\u001b[39m","time":"2017-11-10T22:54:07.997Z","v":0}
{"name":"hexo","hostname":"Jakubs-MacBook-Pro.local","pid":47625,"level":20,"msg":"Processed: \u001b[35mlayout/_widget/comment/gitalk/common.ejs\u001b[39m","time":"2017-11-10T22:54:07.997Z","v":0}
{"name":"hexo","hostname":"Jakubs-MacBook-Pro.local","pid":47625,"level":20,"msg":"Processed: \u001b[35mlayout/_widget/comment/gitalk/enter.ejs\u001b[39m","time":"2017-11-10T22:54:07.997Z","v":0}
{"name":"hexo","hostname":"Jakubs-MacBook-Pro.local","pid":47625,"level":20,"msg":"Processed: \u001b[35mlayout/_widget/comment/gitalk/main.ejs\u001b[39m","time":"2017-11-10T22:54:07.997Z","v":0}
{"name":"hexo","hostname":"Jakubs-MacBook-Pro.local","pid":47625,"level":20,"msg":"Processed: \u001b[35mlayout/_widget/comment/gitment/common.ejs\u001b[39m","time":"2017-11-10T22:54:07.997Z","v":0}
{"name":"hexo","hostname":"Jakubs-MacBook-Pro.local","pid":47625,"level":20,"msg":"Processed: \u001b[35mlayout/_widget/comment/gitment/enter.ejs\u001b[39m","time":"2017-11-10T22:54:07.997Z","v":0}
{"name":"hexo","hostname":"Jakubs-MacBook-Pro.local","pid":47625,"level":20,"msg":"Processed: \u001b[35mlayout/_widget/comment/gitment/main.ejs\u001b[39m","time":"2017-11-10T22:54:07.997Z","v":0}
{"name":"hexo","hostname":"Jakubs-MacBook-Pro.local","pid":47625,"level":20,"msg":"Processed: \u001b[35mlayout/_widget/comment/livere/enter.ejs\u001b[39m","time":"2017-11-10T22:54:07.997Z","v":0}
{"name":"hexo","hostname":"Jakubs-MacBook-Pro.local","pid":47625,"level":20,"msg":"Processed: \u001b[35mlayout/_widget/comment/livere/main.ejs\u001b[39m","time":"2017-11-10T22:54:07.997Z","v":0}
{"name":"hexo","hostname":"Jakubs-MacBook-Pro.local","pid":47625,"level":20,"msg":"Processed: \u001b[35mlayout/_widget/comment/valine/common.ejs\u001b[39m","time":"2017-11-10T22:54:07.998Z","v":0}
{"name":"hexo","hostname":"Jakubs-MacBook-Pro.local","pid":47625,"level":20,"msg":"Processed: \u001b[35mlayout/_widget/comment/valine/enter.ejs\u001b[39m","time":"2017-11-10T22:54:07.998Z","v":0}
{"name":"hexo","hostname":"Jakubs-MacBook-Pro.local","pid":47625,"level":20,"msg":"Processed: \u001b[35mlayout/_widget/comment/valine/main.ejs\u001b[39m","time":"2017-11-10T22:54:07.998Z","v":0}
{"name":"hexo","hostname":"Jakubs-MacBook-Pro.local","pid":47625,"level":20,"msg":"Processed: \u001b[35msource/fonts/Roboto-Black.ttf\u001b[39m","time":"2017-11-10T22:54:07.999Z","v":0}
{"name":"hexo","hostname":"Jakubs-MacBook-Pro.local","pid":47625,"level":20,"msg":"Processed: \u001b[35msource/fonts/Roboto-Bold.ttf\u001b[39m","time":"2017-11-10T22:54:07.999Z","v":0}
{"name":"hexo","hostname":"Jakubs-MacBook-Pro.local","pid":47625,"level":20,"msg":"Processed: \u001b[35msource/fonts/Roboto-Light.ttf\u001b[39m","time":"2017-11-10T22:54:07.999Z","v":0}
{"name":"hexo","hostname":"Jakubs-MacBook-Pro.local","pid":47625,"level":20,"msg":"Processed: \u001b[35msource/fonts/Roboto-Medium.ttf\u001b[39m","time":"2017-11-10T22:54:07.999Z","v":0}
{"name":"hexo","hostname":"Jakubs-MacBook-Pro.local","pid":47625,"level":20,"msg":"Processed: \u001b[35msource/fonts/Roboto-Regular.ttf\u001b[39m","time":"2017-11-10T22:54:08.000Z","v":0}
{"name":"hexo","hostname":"Jakubs-MacBook-Pro.local","pid":47625,"level":20,"msg":"Processed: \u001b[35msource/fonts/Roboto-Thin.ttf\u001b[39m","time":"2017-11-10T22:54:08.000Z","v":0}
{"name":"hexo","hostname":"Jakubs-MacBook-Pro.local","pid":47625,"level":20,"msg":"Processed: \u001b[35mlayout/_partial/config_footer.ejs\u001b[39m","time":"2017-11-10T22:54:08.044Z","v":0}
{"name":"hexo","hostname":"Jakubs-MacBook-Pro.local","pid":47625,"level":20,"msg":"Processed: \u001b[35msource/js/mathjax.js\u001b[39m","time":"2017-11-10T22:54:08.045Z","v":0}
{"name":"hexo","hostname":"Jakubs-MacBook-Pro.local","pid":47625,"level":20,"msg":"Processed: \u001b[35mlayout/_widget/comment/163gentie/common.ejs\u001b[39m","time":"2017-11-10T22:54:08.045Z","v":0}
{"name":"hexo","hostname":"Jakubs-MacBook-Pro.local","pid":47625,"level":20,"msg":"Processed: \u001b[35mlayout/_widget/comment/163gentie/main.ejs\u001b[39m","time":"2017-11-10T22:54:08.045Z","v":0}
{"name":"hexo","hostname":"Jakubs-MacBook-Pro.local","pid":47625,"level":20,"msg":"Processed: \u001b[35mlayout/_widget/comment/163gentie/enter.ejs\u001b[39m","time":"2017-11-10T22:54:08.045Z","v":0}
{"name":"hexo","hostname":"Jakubs-MacBook-Pro.local","pid":47625,"level":20,"msg":"Generator: \u001b[35mpage\u001b[39m","time":"2017-11-10T22:54:08.107Z","v":0}
{"name":"hexo","hostname":"Jakubs-MacBook-Pro.local","pid":47625,"level":20,"msg":"Generator: \u001b[35mpost\u001b[39m","time":"2017-11-10T22:54:08.107Z","v":0}
{"name":"hexo","hostname":"Jakubs-MacBook-Pro.local","pid":47625,"level":20,"msg":"Generator: \u001b[35marchive\u001b[39m","time":"2017-11-10T22:54:08.107Z","v":0}
{"name":"hexo","hostname":"Jakubs-MacBook-Pro.local","pid":47625,"level":20,"msg":"Generator: \u001b[35mcategory\u001b[39m","time":"2017-11-10T22:54:08.107Z","v":0}
{"name":"hexo","hostname":"Jakubs-MacBook-Pro.local","pid":47625,"level":20,"msg":"Generator: \u001b[35mindex\u001b[39m","time":"2017-11-10T22:54:08.107Z","v":0}
{"name":"hexo","hostname":"Jakubs-MacBook-Pro.local","pid":47625,"level":20,"msg":"Generator: \u001b[35mtag\u001b[39m","time":"2017-11-10T22:54:08.107Z","v":0}
{"name":"hexo","hostname":"Jakubs-MacBook-Pro.local","pid":47625,"level":20,"msg":"Generator: \u001b[35masset\u001b[39m","time":"2017-11-10T22:54:08.110Z","v":0}
{"name":"hexo","hostname":"Jakubs-MacBook-Pro.local","pid":47625,"level":30,"msg":"Hexo is running at \u001b[4mhttp://localhost:4000/\u001b[24m. Press Ctrl+C to stop.","time":"2017-11-10T22:54:08.115Z","v":0}
{"name":"hexo","hostname":"Jakubs-MacBook-Pro.local","pid":47625,"level":20,"msg":"Database saved","time":"2017-11-10T22:54:08.127Z","v":0}
{"name":"hexo","hostname":"Jakubs-MacBook-Pro.local","pid":47625,"level":20,"msg":"Rendering index: \u001b[35mindex.html\u001b[39m","time":"2017-11-10T22:54:27.507Z","v":0}
{"name":"hexo","hostname":"Jakubs-MacBook-Pro.local","pid":47625,"level":30,"msg":"Good bye","time":"2017-11-10T22:55:09.683Z","v":0}
{"name":"hexo","hostname":"Jakubs-MacBook-Pro.local","pid":47625,"level":20,"msg":"Database saved","time":"2017-11-10T22:55:09.695Z","v":0}
{"name":"hexo","hostname":"Jakubs-MacBook-Pro.local","pid":47656,"level":20,"msg":"Hexo version: \u001b[35m3.4.0\u001b[39m","time":"2017-11-10T22:57:09.683Z","v":0}
{"name":"hexo","hostname":"Jakubs-MacBook-Pro.local","pid":47656,"level":20,"msg":"Working directory: \u001b[35m~/Desktop/MUME/blog/blog/\u001b[39m","time":"2017-11-10T22:57:09.685Z","v":0}
{"name":"hexo","hostname":"Jakubs-MacBook-Pro.local","pid":47656,"level":20,"msg":"Config loaded: \u001b[35m~/Desktop/MUME/blog/blog/_config.yml\u001b[39m","time":"2017-11-10T22:57:09.763Z","v":0}
{"name":"hexo","hostname":"Jakubs-MacBook-Pro.local","pid":47656,"level":20,"msg":"Plugin loaded: \u001b[35mhexo-generator-category\u001b[39m","time":"2017-11-10T22:57:09.772Z","v":0}
{"name":"hexo","hostname":"Jakubs-MacBook-Pro.local","pid":47656,"level":20,"msg":"Plugin loaded: \u001b[35mhexo-generator-archive\u001b[39m","time":"2017-11-10T22:57:09.774Z","v":0}
{"name":"hexo","hostname":"Jakubs-MacBook-Pro.local","pid":47656,"level":20,"msg":"Plugin loaded: \u001b[35mhexo-generator-tag\u001b[39m","time":"2017-11-10T22:57:09.777Z","v":0}
{"name":"hexo","hostname":"Jakubs-MacBook-Pro.local","pid":47656,"level":20,"msg":"Plugin loaded: \u001b[35mhexo-generator-index\u001b[39m","time":"2017-11-10T22:57:09.778Z","v":0}
{"name":"hexo","hostname":"Jakubs-MacBook-Pro.local","pid":47656,"level":20,"msg":"Plugin loaded: \u001b[35mhexo-renderer-coffeescript\u001b[39m","time":"2017-11-10T22:57:09.821Z","v":0}
{"name":"hexo","hostname":"Jakubs-MacBook-Pro.local","pid":47656,"level":20,"msg":"Plugin loaded: \u001b[35mhexo-renderer-ejs\u001b[39m","time":"2017-11-10T22:57:09.825Z","v":0}
{"name":"hexo","hostname":"Jakubs-MacBook-Pro.local","pid":47656,"level":20,"msg":"Plugin loaded: \u001b[35mhexo-renderer-jade\u001b[39m","time":"2017-11-10T22:57:10.144Z","v":0}
{"name":"hexo","hostname":"Jakubs-MacBook-Pro.local","pid":47656,"level":20,"msg":"Plugin loaded: \u001b[35mhexo-renderer-marked\u001b[39m","time":"2017-11-10T22:57:10.149Z","v":0}
{"name":"hexo","hostname":"Jakubs-MacBook-Pro.local","pid":47656,"level":20,"msg":"Plugin loaded: \u001b[35mhexo-renderer-stylus\u001b[39m","time":"2017-11-10T22:57:10.150Z","v":0}
{"name":"hexo","hostname":"Jakubs-MacBook-Pro.local","pid":47656,"level":20,"msg":"Plugin loaded: \u001b[35mhexo-server\u001b[39m","time":"2017-11-10T22:57:10.223Z","v":0}
{"name":"hexo","hostname":"Jakubs-MacBook-Pro.local","pid":47656,"level":20,"msg":"Script loaded: \u001b[35mthemes/material/scripts/helper.js\u001b[39m","time":"2017-11-10T22:57:10.230Z","v":0}
{"name":"hexo","hostname":"Jakubs-MacBook-Pro.local","pid":47656,"level":20,"msg":"Script loaded: \u001b[35mthemes/material/scripts/lib/css_lsload.js\u001b[39m","time":"2017-11-10T22:57:10.231Z","v":0}
{"name":"hexo","hostname":"Jakubs-MacBook-Pro.local","pid":47656,"level":20,"msg":"Script loaded: \u001b[35mthemes/material/scripts/lib/font_lsload.js\u001b[39m","time":"2017-11-10T22:57:10.231Z","v":0}
{"name":"hexo","hostname":"Jakubs-MacBook-Pro.local","pid":47656,"level":20,"msg":"Script loaded: \u001b[35mthemes/material/scripts/lib/get_file_hex.js\u001b[39m","time":"2017-11-10T22:57:10.232Z","v":0}
{"name":"hexo","hostname":"Jakubs-MacBook-Pro.local","pid":47656,"level":20,"msg":"Script loaded: \u001b[35mthemes/material/scripts/lib/js_hex.js\u001b[39m","time":"2017-11-10T22:57:10.232Z","v":0}
{"name":"hexo","hostname":"Jakubs-MacBook-Pro.local","pid":47656,"level":20,"msg":"Script loaded: \u001b[35mthemes/material/scripts/lib/js_lsload.js\u001b[39m","time":"2017-11-10T22:57:10.232Z","v":0}
{"name":"hexo","hostname":"Jakubs-MacBook-Pro.local","pid":47656,"level":20,"msg":"Script loaded: \u001b[35mthemes/material/scripts/lib/path_for.js\u001b[39m","time":"2017-11-10T22:57:10.233Z","v":0}
{"name":"hexo","hostname":"Jakubs-MacBook-Pro.local","pid":47656,"level":20,"msg":"Loading database.","time":"2017-11-10T22:57:10.241Z","v":0}
{"name":"hexo","hostname":"Jakubs-MacBook-Pro.local","pid":47656,"level":30,"msg":"Start processing","time":"2017-11-10T22:57:10.249Z","v":0}
{"name":"hexo","hostname":"Jakubs-MacBook-Pro.local","pid":47656,"level":20,"msg":"Theme config loaded.","time":"2017-11-10T22:57:10.419Z","v":0}
{"name":"hexo","hostname":"Jakubs-MacBook-Pro.local","pid":47656,"level":20,"msg":"Processed: \u001b[35m_config.yml\u001b[39m","time":"2017-11-10T22:57:10.420Z","v":0}
{"name":"hexo","hostname":"Jakubs-MacBook-Pro.local","pid":47656,"level":20,"msg":"Processed: \u001b[35msource/css/disqus-proxy.css\u001b[39m","time":"2017-11-10T22:57:10.451Z","v":0}
{"name":"hexo","hostname":"Jakubs-MacBook-Pro.local","pid":47656,"level":20,"msg":"Processed: \u001b[35msource/css/disqus-proxy.min.css\u001b[39m","time":"2017-11-10T22:57:10.453Z","v":0}
{"name":"hexo","hostname":"Jakubs-MacBook-Pro.local","pid":47656,"level":20,"msg":"Processed: \u001b[35msource/css/duoshuo.css\u001b[39m","time":"2017-11-10T22:57:10.454Z","v":0}
{"name":"hexo","hostname":"Jakubs-MacBook-Pro.local","pid":47656,"level":20,"msg":"Processed: \u001b[35msource/css/duoshuo.min.css\u001b[39m","time":"2017-11-10T22:57:10.456Z","v":0}
{"name":"hexo","hostname":"Jakubs-MacBook-Pro.local","pid":47656,"level":20,"msg":"Processed: \u001b[35msource/css/fontawesome.min.css\u001b[39m","time":"2017-11-10T22:57:10.456Z","v":0}
{"name":"hexo","hostname":"Jakubs-MacBook-Pro.local","pid":47656,"level":20,"msg":"Processed: \u001b[35msource/css/ie-blocker.css\u001b[39m","time":"2017-11-10T22:57:10.457Z","v":0}
{"name":"hexo","hostname":"Jakubs-MacBook-Pro.local","pid":47656,"level":20,"msg":"Processed: \u001b[35msource/css/gallery.min.css\u001b[39m","time":"2017-11-10T22:57:10.459Z","v":0}
{"name":"hexo","hostname":"Jakubs-MacBook-Pro.local","pid":47656,"level":20,"msg":"Processed: \u001b[35msource/css/material-icons.css\u001b[39m","time":"2017-11-10T22:57:10.459Z","v":0}
{"name":"hexo","hostname":"Jakubs-MacBook-Pro.local","pid":47656,"level":20,"msg":"Processed: \u001b[35msource/css/prettify.css\u001b[39m","time":"2017-11-10T22:57:10.461Z","v":0}
{"name":"hexo","hostname":"Jakubs-MacBook-Pro.local","pid":47656,"level":20,"msg":"Processed: \u001b[35msource/css/prettify.min.css\u001b[39m","time":"2017-11-10T22:57:10.461Z","v":0}
{"name":"hexo","hostname":"Jakubs-MacBook-Pro.local","pid":47656,"level":20,"msg":"Processed: \u001b[35msource/css/uc.css\u001b[39m","time":"2017-11-10T22:57:10.462Z","v":0}
{"name":"hexo","hostname":"Jakubs-MacBook-Pro.local","pid":47656,"level":20,"msg":"Processed: \u001b[35msource/fonts/MaterialIcons-Regular.woff\u001b[39m","time":"2017-11-10T22:57:10.463Z","v":0}
{"name":"hexo","hostname":"Jakubs-MacBook-Pro.local","pid":47656,"level":20,"msg":"Processed: \u001b[35msource/fonts/MaterialIcons-Regular.woff2\u001b[39m","time":"2017-11-10T22:57:10.463Z","v":0}
{"name":"hexo","hostname":"Jakubs-MacBook-Pro.local","pid":47656,"level":20,"msg":"Processed: \u001b[35msource/img/avatar.png\u001b[39m","time":"2017-11-10T22:57:10.467Z","v":0}
{"name":"hexo","hostname":"Jakubs-MacBook-Pro.local","pid":47656,"level":20,"msg":"Processed: \u001b[35msource/img/bg.png\u001b[39m","time":"2017-11-10T22:57:10.468Z","v":0}
{"name":"hexo","hostname":"Jakubs-MacBook-Pro.local","pid":47656,"level":20,"msg":"Processed: \u001b[35msource/img/browserstack_logo.png\u001b[39m","time":"2017-11-10T22:57:10.468Z","v":0}
{"name":"hexo","hostname":"Jakubs-MacBook-Pro.local","pid":47656,"level":20,"msg":"Processed: \u001b[35msource/img/favicon.png\u001b[39m","time":"2017-11-10T22:57:10.469Z","v":0}
{"name":"hexo","hostname":"Jakubs-MacBook-Pro.local","pid":47656,"level":20,"msg":"Processed: \u001b[35msource/img/logo.png\u001b[39m","time":"2017-11-10T22:57:10.470Z","v":0}
{"name":"hexo","hostname":"Jakubs-MacBook-Pro.local","pid":47656,"level":20,"msg":"Processed: \u001b[35msource/img/sidebar_header.png\u001b[39m","time":"2017-11-10T22:57:10.470Z","v":0}
{"name":"hexo","hostname":"Jakubs-MacBook-Pro.local","pid":47656,"level":20,"msg":"Processed: \u001b[35msource/img/upyun_logo.svg\u001b[39m","time":"2017-11-10T22:57:10.471Z","v":0}
{"name":"hexo","hostname":"Jakubs-MacBook-Pro.local","pid":47656,"level":20,"msg":"Processed: \u001b[35msource/js/Valine.min.js\u001b[39m","time":"2017-11-10T22:57:10.472Z","v":0}
{"name":"hexo","hostname":"Jakubs-MacBook-Pro.local","pid":47656,"level":20,"msg":"Processed: \u001b[35msource/js/MathJax.js\u001b[39m","time":"2017-11-10T22:57:10.473Z","v":0}
{"name":"hexo","hostname":"Jakubs-MacBook-Pro.local","pid":47656,"level":20,"msg":"Processed: \u001b[35msource/js/hanabi-browser-bundle.js\u001b[39m","time":"2017-11-10T22:57:10.474Z","v":0}
{"name":"hexo","hostname":"Jakubs-MacBook-Pro.local","pid":47656,"level":20,"msg":"Processed: \u001b[35msource/js/ie-blocker.en.js\u001b[39m","time":"2017-11-10T22:57:10.474Z","v":0}
{"name":"hexo","hostname":"Jakubs-MacBook-Pro.local","pid":47656,"level":20,"msg":"Processed: \u001b[35msource/js/ie-blocker.zhCN.js\u001b[39m","time":"2017-11-10T22:57:10.475Z","v":0}
{"name":"hexo","hostname":"Jakubs-MacBook-Pro.local","pid":47656,"level":20,"msg":"Processed: \u001b[35msource/js/lazyload.min.js\u001b[39m","time":"2017-11-10T22:57:10.475Z","v":0}
{"name":"hexo","hostname":"Jakubs-MacBook-Pro.local","pid":47656,"level":20,"msg":"Processed: \u001b[35msource/js/lsloader.js\u001b[39m","time":"2017-11-10T22:57:10.476Z","v":0}
{"name":"hexo","hostname":"Jakubs-MacBook-Pro.local","pid":47656,"level":20,"msg":"Processed: \u001b[35msource/js/lsloader.min.js\u001b[39m","time":"2017-11-10T22:57:10.476Z","v":0}
{"name":"hexo","hostname":"Jakubs-MacBook-Pro.local","pid":47656,"level":20,"msg":"Processed: \u001b[35msource/js/nprogress.js\u001b[39m","time":"2017-11-10T22:57:10.477Z","v":0}
{"name":"hexo","hostname":"Jakubs-MacBook-Pro.local","pid":47656,"level":20,"msg":"Processed: \u001b[35msource/js/prettify.min.js\u001b[39m","time":"2017-11-10T22:57:10.477Z","v":0}
{"name":"hexo","hostname":"Jakubs-MacBook-Pro.local","pid":47656,"level":20,"msg":"Processed: \u001b[35msource/js/queue.js\u001b[39m","time":"2017-11-10T22:57:10.479Z","v":0}
{"name":"hexo","hostname":"Jakubs-MacBook-Pro.local","pid":47656,"level":20,"msg":"Processed: \u001b[35msource/js/queue.min.js\u001b[39m","time":"2017-11-10T22:57:10.480Z","v":0}
{"name":"hexo","hostname":"Jakubs-MacBook-Pro.local","pid":47656,"level":20,"msg":"Processed: \u001b[35msource/js/smoothscroll.js\u001b[39m","time":"2017-11-10T22:57:10.480Z","v":0}
{"name":"hexo","hostname":"Jakubs-MacBook-Pro.local","pid":47656,"level":20,"msg":"Processed: \u001b[35m_posts/hello-world.md\u001b[39m","time":"2017-11-10T22:57:10.527Z","v":0}
{"name":"hexo","hostname":"Jakubs-MacBook-Pro.local","pid":47656,"level":20,"msg":"Processed: \u001b[35m_posts/My-New-Post.md\u001b[39m","time":"2017-11-10T22:57:10.528Z","v":0}
{"name":"hexo","hostname":"Jakubs-MacBook-Pro.local","pid":47656,"level":20,"msg":"Processed: \u001b[35msource/css/material.css\u001b[39m","time":"2017-11-10T22:57:10.543Z","v":0}
{"name":"hexo","hostname":"Jakubs-MacBook-Pro.local","pid":47656,"level":20,"msg":"Processed: \u001b[35msource/css/material.min.css\u001b[39m","time":"2017-11-10T22:57:10.544Z","v":0}
{"name":"hexo","hostname":"Jakubs-MacBook-Pro.local","pid":47656,"level":20,"msg":"Processed: \u001b[35msource/css/style.css\u001b[39m","time":"2017-11-10T22:57:10.547Z","v":0}
{"name":"hexo","hostname":"Jakubs-MacBook-Pro.local","pid":47656,"level":20,"msg":"Processed: \u001b[35msource/css/style.min.css\u001b[39m","time":"2017-11-10T22:57:10.547Z","v":0}
{"name":"hexo","hostname":"Jakubs-MacBook-Pro.local","pid":47656,"level":20,"msg":"Processed: \u001b[35msource/fonts/MaterialIcons-Regular.ttf\u001b[39m","time":"2017-11-10T22:57:10.547Z","v":0}
{"name":"hexo","hostname":"Jakubs-MacBook-Pro.local","pid":47656,"level":20,"msg":"Processed: \u001b[35msource/fonts/fontawesome-webfont.woff\u001b[39m","time":"2017-11-10T22:57:10.547Z","v":0}
{"name":"hexo","hostname":"Jakubs-MacBook-Pro.local","pid":47656,"level":20,"msg":"Processed: \u001b[35msource/fonts/fontawesome-webfont.woff2\u001b[39m","time":"2017-11-10T22:57:10.548Z","v":0}
{"name":"hexo","hostname":"Jakubs-MacBook-Pro.local","pid":47656,"level":20,"msg":"Processed: \u001b[35msource/img/daily_pic.png\u001b[39m","time":"2017-11-10T22:57:10.548Z","v":0}
{"name":"hexo","hostname":"Jakubs-MacBook-Pro.local","pid":47656,"level":20,"msg":"Processed: \u001b[35msource/js/jquery.min.js\u001b[39m","time":"2017-11-10T22:57:10.548Z","v":0}
{"name":"hexo","hostname":"Jakubs-MacBook-Pro.local","pid":47656,"level":20,"msg":"Processed: \u001b[35msource/js/js.js\u001b[39m","time":"2017-11-10T22:57:10.548Z","v":0}
{"name":"hexo","hostname":"Jakubs-MacBook-Pro.local","pid":47656,"level":20,"msg":"Processed: \u001b[35msource/js/js.min.js\u001b[39m","time":"2017-11-10T22:57:10.548Z","v":0}
{"name":"hexo","hostname":"Jakubs-MacBook-Pro.local","pid":47656,"level":20,"msg":"Processed: \u001b[35mlayout/index.ejs\u001b[39m","time":"2017-11-10T22:57:10.581Z","v":0}
{"name":"hexo","hostname":"Jakubs-MacBook-Pro.local","pid":47656,"level":20,"msg":"Processed: \u001b[35mlayout/layout.ejs\u001b[39m","time":"2017-11-10T22:57:10.581Z","v":0}
{"name":"hexo","hostname":"Jakubs-MacBook-Pro.local","pid":47656,"level":20,"msg":"Processed: \u001b[35mlayout/post.ejs\u001b[39m","time":"2017-11-10T22:57:10.581Z","v":0}
{"name":"hexo","hostname":"Jakubs-MacBook-Pro.local","pid":47656,"level":20,"msg":"Processed: \u001b[35mlanguages/ar.yml\u001b[39m","time":"2017-11-10T22:57:10.583Z","v":0}
{"name":"hexo","hostname":"Jakubs-MacBook-Pro.local","pid":47656,"level":20,"msg":"Processed: \u001b[35mlanguages/de.yml\u001b[39m","time":"2017-11-10T22:57:10.583Z","v":0}
{"name":"hexo","hostname":"Jakubs-MacBook-Pro.local","pid":47656,"level":20,"msg":"Processed: \u001b[35mlanguages/es.yml\u001b[39m","time":"2017-11-10T22:57:10.583Z","v":0}
{"name":"hexo","hostname":"Jakubs-MacBook-Pro.local","pid":47656,"level":20,"msg":"Processed: \u001b[35mlanguages/fr.yml\u001b[39m","time":"2017-11-10T22:57:10.583Z","v":0}
{"name":"hexo","hostname":"Jakubs-MacBook-Pro.local","pid":47656,"level":20,"msg":"Processed: \u001b[35mlanguages/en.yml\u001b[39m","time":"2017-11-10T22:57:10.583Z","v":0}
{"name":"hexo","hostname":"Jakubs-MacBook-Pro.local","pid":47656,"level":20,"msg":"Processed: \u001b[35mlanguages/ja.yml\u001b[39m","time":"2017-11-10T22:57:10.583Z","v":0}
{"name":"hexo","hostname":"Jakubs-MacBook-Pro.local","pid":47656,"level":20,"msg":"Processed: \u001b[35mlanguages/ms.yml\u001b[39m","time":"2017-11-10T22:57:10.583Z","v":0}
{"name":"hexo","hostname":"Jakubs-MacBook-Pro.local","pid":47656,"level":20,"msg":"Processed: \u001b[35mlanguages/nl_NL.yml\u001b[39m","time":"2017-11-10T22:57:10.583Z","v":0}
{"name":"hexo","hostname":"Jakubs-MacBook-Pro.local","pid":47656,"level":20,"msg":"Processed: \u001b[35mlanguages/pt-BR.yml\u001b[39m","time":"2017-11-10T22:57:10.583Z","v":0}
{"name":"hexo","hostname":"Jakubs-MacBook-Pro.local","pid":47656,"level":20,"msg":"Processed: \u001b[35mlanguages/ru.yml\u001b[39m","time":"2017-11-10T22:57:10.583Z","v":0}
{"name":"hexo","hostname":"Jakubs-MacBook-Pro.local","pid":47656,"level":20,"msg":"Processed: \u001b[35mlanguages/zh-CN.yml\u001b[39m","time":"2017-11-10T22:57:10.583Z","v":0}
{"name":"hexo","hostname":"Jakubs-MacBook-Pro.local","pid":47656,"level":20,"msg":"Processed: \u001b[35mlanguages/zh-TW.yml\u001b[39m","time":"2017-11-10T22:57:10.583Z","v":0}
{"name":"hexo","hostname":"Jakubs-MacBook-Pro.local","pid":47656,"level":20,"msg":"Processed: \u001b[35msource/css/prettify/atelier-cave-dark.min.css\u001b[39m","time":"2017-11-10T22:57:10.584Z","v":0}
{"name":"hexo","hostname":"Jakubs-MacBook-Pro.local","pid":47656,"level":20,"msg":"Processed: \u001b[35msource/css/prettify/atelier-cave-light.min.css\u001b[39m","time":"2017-11-10T22:57:10.584Z","v":0}
{"name":"hexo","hostname":"Jakubs-MacBook-Pro.local","pid":47656,"level":20,"msg":"Processed: \u001b[35msource/css/prettify/atelier-dune-dark.min.css\u001b[39m","time":"2017-11-10T22:57:10.585Z","v":0}
{"name":"hexo","hostname":"Jakubs-MacBook-Pro.local","pid":47656,"level":20,"msg":"Processed: \u001b[35msource/css/prettify/atelier-dune-light.min.css\u001b[39m","time":"2017-11-10T22:57:10.590Z","v":0}
{"name":"hexo","hostname":"Jakubs-MacBook-Pro.local","pid":47656,"level":20,"msg":"Processed: \u001b[35msource/css/prettify/atelier-estuary-dark.min.css\u001b[39m","time":"2017-11-10T22:57:10.590Z","v":0}
{"name":"hexo","hostname":"Jakubs-MacBook-Pro.local","pid":47656,"level":20,"msg":"Processed: \u001b[35msource/css/prettify/atelier-estuary-light.min.css\u001b[39m","time":"2017-11-10T22:57:10.590Z","v":0}
{"name":"hexo","hostname":"Jakubs-MacBook-Pro.local","pid":47656,"level":20,"msg":"Processed: \u001b[35msource/css/prettify/atelier-forest-dark.min.css\u001b[39m","time":"2017-11-10T22:57:10.591Z","v":0}
{"name":"hexo","hostname":"Jakubs-MacBook-Pro.local","pid":47656,"level":20,"msg":"Processed: \u001b[35msource/css/prettify/atelier-forest-light.min.css\u001b[39m","time":"2017-11-10T22:57:10.592Z","v":0}
{"name":"hexo","hostname":"Jakubs-MacBook-Pro.local","pid":47656,"level":20,"msg":"Processed: \u001b[35msource/css/prettify/atelier-heath-dark.min.css\u001b[39m","time":"2017-11-10T22:57:10.593Z","v":0}
{"name":"hexo","hostname":"Jakubs-MacBook-Pro.local","pid":47656,"level":20,"msg":"Processed: \u001b[35msource/css/prettify/atelier-heath-light.min.css\u001b[39m","time":"2017-11-10T22:57:10.594Z","v":0}
{"name":"hexo","hostname":"Jakubs-MacBook-Pro.local","pid":47656,"level":20,"msg":"Processed: \u001b[35msource/css/prettify/atelier-lakeside-dark.min.css\u001b[39m","time":"2017-11-10T22:57:10.594Z","v":0}
{"name":"hexo","hostname":"Jakubs-MacBook-Pro.local","pid":47656,"level":20,"msg":"Processed: \u001b[35msource/css/prettify/atelier-lakeside-light.min.css\u001b[39m","time":"2017-11-10T22:57:10.594Z","v":0}
{"name":"hexo","hostname":"Jakubs-MacBook-Pro.local","pid":47656,"level":20,"msg":"Processed: \u001b[35msource/css/prettify/atelier-plateau-light.min.css\u001b[39m","time":"2017-11-10T22:57:10.595Z","v":0}
{"name":"hexo","hostname":"Jakubs-MacBook-Pro.local","pid":47656,"level":20,"msg":"Processed: \u001b[35msource/css/prettify/atelier-plateau-dark.min.css\u001b[39m","time":"2017-11-10T22:57:10.595Z","v":0}
{"name":"hexo","hostname":"Jakubs-MacBook-Pro.local","pid":47656,"level":20,"msg":"Processed: \u001b[35msource/css/prettify/atelier-savanna-dark.min.css\u001b[39m","time":"2017-11-10T22:57:10.596Z","v":0}
{"name":"hexo","hostname":"Jakubs-MacBook-Pro.local","pid":47656,"level":20,"msg":"Processed: \u001b[35msource/css/prettify/atelier-seaside-dark.min.css\u001b[39m","time":"2017-11-10T22:57:10.597Z","v":0}
{"name":"hexo","hostname":"Jakubs-MacBook-Pro.local","pid":47656,"level":20,"msg":"Processed: \u001b[35msource/css/prettify/atelier-savanna-light.min.css\u001b[39m","time":"2017-11-10T22:57:10.597Z","v":0}
{"name":"hexo","hostname":"Jakubs-MacBook-Pro.local","pid":47656,"level":20,"msg":"Processed: \u001b[35msource/css/prettify/atelier-seaside-light.min.css\u001b[39m","time":"2017-11-10T22:57:10.599Z","v":0}
{"name":"hexo","hostname":"Jakubs-MacBook-Pro.local","pid":47656,"level":20,"msg":"Processed: \u001b[35msource/css/prettify/atelier-sulphurpool-dark.min.css\u001b[39m","time":"2017-11-10T22:57:10.604Z","v":0}
{"name":"hexo","hostname":"Jakubs-MacBook-Pro.local","pid":47656,"level":20,"msg":"Processed: \u001b[35msource/css/prettify/atelier-sulphurpool-light.min.css\u001b[39m","time":"2017-11-10T22:57:10.605Z","v":0}
{"name":"hexo","hostname":"Jakubs-MacBook-Pro.local","pid":47656,"level":20,"msg":"Processed: \u001b[35msource/css/prettify/github-v2.min.css\u001b[39m","time":"2017-11-10T22:57:10.605Z","v":0}
{"name":"hexo","hostname":"Jakubs-MacBook-Pro.local","pid":47656,"level":20,"msg":"Processed: \u001b[35msource/css/prettify/github.min.css\u001b[39m","time":"2017-11-10T22:57:10.606Z","v":0}
{"name":"hexo","hostname":"Jakubs-MacBook-Pro.local","pid":47656,"level":20,"msg":"Processed: \u001b[35msource/css/prettify/hemisu-dark.min.css\u001b[39m","time":"2017-11-10T22:57:10.606Z","v":0}
{"name":"hexo","hostname":"Jakubs-MacBook-Pro.local","pid":47656,"level":20,"msg":"Processed: \u001b[35msource/css/prettify/hemisu-light.min.css\u001b[39m","time":"2017-11-10T22:57:10.606Z","v":0}
{"name":"hexo","hostname":"Jakubs-MacBook-Pro.local","pid":47656,"level":20,"msg":"Processed: \u001b[35msource/css/prettify/tomorrow-night-blue.min.css\u001b[39m","time":"2017-11-10T22:57:10.607Z","v":0}
{"name":"hexo","hostname":"Jakubs-MacBook-Pro.local","pid":47656,"level":20,"msg":"Processed: \u001b[35msource/css/prettify/tomorrow-night-bright.min.css\u001b[39m","time":"2017-11-10T22:57:10.608Z","v":0}
{"name":"hexo","hostname":"Jakubs-MacBook-Pro.local","pid":47656,"level":20,"msg":"Processed: \u001b[35msource/css/prettify/tomorrow-night-eighties.min.css\u001b[39m","time":"2017-11-10T22:57:10.608Z","v":0}
{"name":"hexo","hostname":"Jakubs-MacBook-Pro.local","pid":47656,"level":20,"msg":"Processed: \u001b[35msource/css/prettify/tomorrow-night.min.css\u001b[39m","time":"2017-11-10T22:57:10.608Z","v":0}
{"name":"hexo","hostname":"Jakubs-MacBook-Pro.local","pid":47656,"level":20,"msg":"Processed: \u001b[35msource/css/prettify/tomorrow.min.css\u001b[39m","time":"2017-11-10T22:57:10.608Z","v":0}
{"name":"hexo","hostname":"Jakubs-MacBook-Pro.local","pid":47656,"level":20,"msg":"Processed: \u001b[35msource/css/prettify/tranquil-heart.min.css\u001b[39m","time":"2017-11-10T22:57:10.609Z","v":0}
{"name":"hexo","hostname":"Jakubs-MacBook-Pro.local","pid":47656,"level":20,"msg":"Processed: \u001b[35msource/css/prettify/vibrant-ink.min.css\u001b[39m","time":"2017-11-10T22:57:10.609Z","v":0}
{"name":"hexo","hostname":"Jakubs-MacBook-Pro.local","pid":47656,"level":20,"msg":"Processed: \u001b[35msource/fonts/FontAwesome.otf\u001b[39m","time":"2017-11-10T22:57:10.609Z","v":0}
{"name":"hexo","hostname":"Jakubs-MacBook-Pro.local","pid":47656,"level":20,"msg":"Processed: \u001b[35msource/fonts/MaterialIcons-Regular.eot\u001b[39m","time":"2017-11-10T22:57:10.610Z","v":0}
{"name":"hexo","hostname":"Jakubs-MacBook-Pro.local","pid":47656,"level":20,"msg":"Processed: \u001b[35msource/fonts/fontawesome-webfont.eot\u001b[39m","time":"2017-11-10T22:57:10.610Z","v":0}
{"name":"hexo","hostname":"Jakubs-MacBook-Pro.local","pid":47656,"level":20,"msg":"Processed: \u001b[35msource/fonts/fontawesome-webfont.ttf\u001b[39m","time":"2017-11-10T22:57:10.610Z","v":0}
{"name":"hexo","hostname":"Jakubs-MacBook-Pro.local","pid":47656,"level":20,"msg":"Processed: \u001b[35msource/img/gallery/close.svg\u001b[39m","time":"2017-11-10T22:57:10.611Z","v":0}
{"name":"hexo","hostname":"Jakubs-MacBook-Pro.local","pid":47656,"level":20,"msg":"Processed: \u001b[35msource/img/gallery/spinner.svg\u001b[39m","time":"2017-11-10T22:57:10.611Z","v":0}
{"name":"hexo","hostname":"Jakubs-MacBook-Pro.local","pid":47656,"level":20,"msg":"Processed: \u001b[35msource/img/gallery/arrow.svg\u001b[39m","time":"2017-11-10T22:57:10.611Z","v":0}
{"name":"hexo","hostname":"Jakubs-MacBook-Pro.local","pid":47656,"level":20,"msg":"Processed: \u001b[35msource/img/footer/footer_ico-bilibili.svg\u001b[39m","time":"2017-11-10T22:57:10.612Z","v":0}
{"name":"hexo","hostname":"Jakubs-MacBook-Pro.local","pid":47656,"level":20,"msg":"Processed: \u001b[35msource/img/footer/footer_ico-facebook.svg\u001b[39m","time":"2017-11-10T22:57:10.612Z","v":0}
{"name":"hexo","hostname":"Jakubs-MacBook-Pro.local","pid":47656,"level":20,"msg":"Processed: \u001b[35msource/img/footer/footer_ico-github.svg\u001b[39m","time":"2017-11-10T22:57:10.612Z","v":0}
{"name":"hexo","hostname":"Jakubs-MacBook-Pro.local","pid":47656,"level":20,"msg":"Processed: \u001b[35msource/img/footer/footer_ico-gplus.svg\u001b[39m","time":"2017-11-10T22:57:10.613Z","v":0}
{"name":"hexo","hostname":"Jakubs-MacBook-Pro.local","pid":47656,"level":20,"msg":"Processed: \u001b[35msource/img/footer/footer_ico-instagram.svg\u001b[39m","time":"2017-11-10T22:57:10.613Z","v":0}
{"name":"hexo","hostname":"Jakubs-MacBook-Pro.local","pid":47656,"level":20,"msg":"Processed: \u001b[35msource/img/footer/footer_ico-linkedin.svg\u001b[39m","time":"2017-11-10T22:57:10.613Z","v":0}
{"name":"hexo","hostname":"Jakubs-MacBook-Pro.local","pid":47656,"level":20,"msg":"Processed: \u001b[35msource/img/footer/footer_ico-telegram.svg\u001b[39m","time":"2017-11-10T22:57:10.614Z","v":0}
{"name":"hexo","hostname":"Jakubs-MacBook-Pro.local","pid":47656,"level":20,"msg":"Processed: \u001b[35msource/img/footer/footer_ico-twitter.svg\u001b[39m","time":"2017-11-10T22:57:10.614Z","v":0}
{"name":"hexo","hostname":"Jakubs-MacBook-Pro.local","pid":47656,"level":20,"msg":"Processed: \u001b[35msource/img/footer/footer_ico-tumblr.svg\u001b[39m","time":"2017-11-10T22:57:10.615Z","v":0}
{"name":"hexo","hostname":"Jakubs-MacBook-Pro.local","pid":47656,"level":20,"msg":"Processed: \u001b[35msource/img/footer/footer_ico-v2ex.svg\u001b[39m","time":"2017-11-10T22:57:10.615Z","v":0}
{"name":"hexo","hostname":"Jakubs-MacBook-Pro.local","pid":47656,"level":20,"msg":"Processed: \u001b[35msource/img/footer/footer_ico-weibo.svg\u001b[39m","time":"2017-11-10T22:57:10.615Z","v":0}
{"name":"hexo","hostname":"Jakubs-MacBook-Pro.local","pid":47656,"level":20,"msg":"Processed: \u001b[35msource/img/footer/footer_ico-zhihu.svg\u001b[39m","time":"2017-11-10T22:57:10.616Z","v":0}
{"name":"hexo","hostname":"Jakubs-MacBook-Pro.local","pid":47656,"level":20,"msg":"Processed: \u001b[35msource/img/random/material-10.png\u001b[39m","time":"2017-11-10T22:57:10.616Z","v":0}
{"name":"hexo","hostname":"Jakubs-MacBook-Pro.local","pid":47656,"level":20,"msg":"Processed: \u001b[35msource/img/random/material-12.png\u001b[39m","time":"2017-11-10T22:57:10.616Z","v":0}
{"name":"hexo","hostname":"Jakubs-MacBook-Pro.local","pid":47656,"level":20,"msg":"Processed: \u001b[35msource/img/random/material-17.png\u001b[39m","time":"2017-11-10T22:57:10.617Z","v":0}
{"name":"hexo","hostname":"Jakubs-MacBook-Pro.local","pid":47656,"level":20,"msg":"Processed: \u001b[35msource/img/random/material-19.png\u001b[39m","time":"2017-11-10T22:57:10.617Z","v":0}
{"name":"hexo","hostname":"Jakubs-MacBook-Pro.local","pid":47656,"level":20,"msg":"Processed: \u001b[35msource/img/random/material-3.png\u001b[39m","time":"2017-11-10T22:57:10.617Z","v":0}
{"name":"hexo","hostname":"Jakubs-MacBook-Pro.local","pid":47656,"level":20,"msg":"Processed: \u001b[35msource/img/random/material-4.png\u001b[39m","time":"2017-11-10T22:57:10.618Z","v":0}
{"name":"hexo","hostname":"Jakubs-MacBook-Pro.local","pid":47656,"level":20,"msg":"Processed: \u001b[35msource/img/random/material-6.png\u001b[39m","time":"2017-11-10T22:57:10.618Z","v":0}
{"name":"hexo","hostname":"Jakubs-MacBook-Pro.local","pid":47656,"level":20,"msg":"Processed: \u001b[35msource/img/random/material-8.png\u001b[39m","time":"2017-11-10T22:57:10.618Z","v":0}
{"name":"hexo","hostname":"Jakubs-MacBook-Pro.local","pid":47656,"level":20,"msg":"Processed: \u001b[35msource/img/random/material-9.png\u001b[39m","time":"2017-11-10T22:57:10.618Z","v":0}
{"name":"hexo","hostname":"Jakubs-MacBook-Pro.local","pid":47656,"level":20,"msg":"Processed: \u001b[35msource/js/gallery/gallery.js\u001b[39m","time":"2017-11-10T22:57:10.619Z","v":0}
{"name":"hexo","hostname":"Jakubs-MacBook-Pro.local","pid":47656,"level":20,"msg":"Processed: \u001b[35mlayout/_partial/Isolation-post-info.ejs\u001b[39m","time":"2017-11-10T22:57:10.622Z","v":0}
{"name":"hexo","hostname":"Jakubs-MacBook-Pro.local","pid":47656,"level":20,"msg":"Processed: \u001b[35msource/img/random/material-1.png\u001b[39m","time":"2017-11-10T22:57:10.624Z","v":0}
{"name":"hexo","hostname":"Jakubs-MacBook-Pro.local","pid":47656,"level":20,"msg":"Processed: \u001b[35msource/img/random/material-11.png\u001b[39m","time":"2017-11-10T22:57:10.624Z","v":0}
{"name":"hexo","hostname":"Jakubs-MacBook-Pro.local","pid":47656,"level":20,"msg":"Processed: \u001b[35msource/img/random/material-13.png\u001b[39m","time":"2017-11-10T22:57:10.624Z","v":0}
{"name":"hexo","hostname":"Jakubs-MacBook-Pro.local","pid":47656,"level":20,"msg":"Processed: \u001b[35msource/img/random/material-14.png\u001b[39m","time":"2017-11-10T22:57:10.624Z","v":0}
{"name":"hexo","hostname":"Jakubs-MacBook-Pro.local","pid":47656,"level":20,"msg":"Processed: \u001b[35msource/img/random/material-15.png\u001b[39m","time":"2017-11-10T22:57:10.624Z","v":0}
{"name":"hexo","hostname":"Jakubs-MacBook-Pro.local","pid":47656,"level":20,"msg":"Processed: \u001b[35msource/img/random/material-16.png\u001b[39m","time":"2017-11-10T22:57:10.625Z","v":0}
{"name":"hexo","hostname":"Jakubs-MacBook-Pro.local","pid":47656,"level":20,"msg":"Processed: \u001b[35msource/img/random/material-18.png\u001b[39m","time":"2017-11-10T22:57:10.625Z","v":0}
{"name":"hexo","hostname":"Jakubs-MacBook-Pro.local","pid":47656,"level":20,"msg":"Processed: \u001b[35msource/img/random/material-2.png\u001b[39m","time":"2017-11-10T22:57:10.625Z","v":0}
{"name":"hexo","hostname":"Jakubs-MacBook-Pro.local","pid":47656,"level":20,"msg":"Processed: \u001b[35msource/img/random/material-5.png\u001b[39m","time":"2017-11-10T22:57:10.625Z","v":0}
{"name":"hexo","hostname":"Jakubs-MacBook-Pro.local","pid":47656,"level":20,"msg":"Processed: \u001b[35msource/img/random/material-7.png\u001b[39m","time":"2017-11-10T22:57:10.625Z","v":0}
{"name":"hexo","hostname":"Jakubs-MacBook-Pro.local","pid":47656,"level":20,"msg":"Processed: \u001b[35mlayout/_partial/Paradox-post-info.ejs\u001b[39m","time":"2017-11-10T22:57:10.660Z","v":0}
{"name":"hexo","hostname":"Jakubs-MacBook-Pro.local","pid":47656,"level":20,"msg":"Processed: \u001b[35mlayout/_partial/Isolation-post_entry.ejs\u001b[39m","time":"2017-11-10T22:57:10.660Z","v":0}
{"name":"hexo","hostname":"Jakubs-MacBook-Pro.local","pid":47656,"level":20,"msg":"Processed: \u001b[35mlayout/_partial/Paradox-post-thumbnail.ejs\u001b[39m","time":"2017-11-10T22:57:10.660Z","v":0}
{"name":"hexo","hostname":"Jakubs-MacBook-Pro.local","pid":47656,"level":20,"msg":"Processed: \u001b[35mlayout/_partial/Paradox-post_entry-thumbnail.ejs\u001b[39m","time":"2017-11-10T22:57:10.660Z","v":0}
{"name":"hexo","hostname":"Jakubs-MacBook-Pro.local","pid":47656,"level":20,"msg":"Processed: \u001b[35mlayout/_partial/Paradox-post_entry.ejs\u001b[39m","time":"2017-11-10T22:57:10.660Z","v":0}
{"name":"hexo","hostname":"Jakubs-MacBook-Pro.local","pid":47656,"level":20,"msg":"Processed: \u001b[35mlayout/_partial/Paradox-search.ejs\u001b[39m","time":"2017-11-10T22:57:10.661Z","v":0}
{"name":"hexo","hostname":"Jakubs-MacBook-Pro.local","pid":47656,"level":20,"msg":"Processed: \u001b[35mlayout/_partial/blog_info.ejs\u001b[39m","time":"2017-11-10T22:57:10.661Z","v":0}
{"name":"hexo","hostname":"Jakubs-MacBook-Pro.local","pid":47656,"level":20,"msg":"Processed: \u001b[35mlayout/_partial/comment.ejs\u001b[39m","time":"2017-11-10T22:57:10.661Z","v":0}
{"name":"hexo","hostname":"Jakubs-MacBook-Pro.local","pid":47656,"level":20,"msg":"Processed: \u001b[35mlayout/_partial/config_css.ejs\u001b[39m","time":"2017-11-10T22:57:10.661Z","v":0}
{"name":"hexo","hostname":"Jakubs-MacBook-Pro.local","pid":47656,"level":20,"msg":"Processed: \u001b[35mlayout/_partial/config_font.ejs\u001b[39m","time":"2017-11-10T22:57:10.661Z","v":0}
{"name":"hexo","hostname":"Jakubs-MacBook-Pro.local","pid":47656,"level":20,"msg":"Processed: \u001b[35mlayout/_partial/daily_pic.ejs\u001b[39m","time":"2017-11-10T22:57:10.661Z","v":0}
{"name":"hexo","hostname":"Jakubs-MacBook-Pro.local","pid":47656,"level":20,"msg":"Processed: \u001b[35mlayout/_partial/footer-left.ejs\u001b[39m","time":"2017-11-10T22:57:10.661Z","v":0}
{"name":"hexo","hostname":"Jakubs-MacBook-Pro.local","pid":47656,"level":20,"msg":"Processed: \u001b[35mlayout/_partial/footer-option.ejs\u001b[39m","time":"2017-11-10T22:57:10.661Z","v":0}
{"name":"hexo","hostname":"Jakubs-MacBook-Pro.local","pid":47656,"level":20,"msg":"Processed: \u001b[35mlayout/_partial/footer_top.ejs\u001b[39m","time":"2017-11-10T22:57:10.661Z","v":0}
{"name":"hexo","hostname":"Jakubs-MacBook-Pro.local","pid":47656,"level":20,"msg":"Processed: \u001b[35mlayout/_partial/footer.ejs\u001b[39m","time":"2017-11-10T22:57:10.661Z","v":0}
{"name":"hexo","hostname":"Jakubs-MacBook-Pro.local","pid":47656,"level":20,"msg":"Processed: \u001b[35mlayout/_partial/head.ejs\u001b[39m","time":"2017-11-10T22:57:10.661Z","v":0}
{"name":"hexo","hostname":"Jakubs-MacBook-Pro.local","pid":47656,"level":20,"msg":"Processed: \u001b[35mlayout/_partial/import_js.ejs\u001b[39m","time":"2017-11-10T22:57:10.661Z","v":0}
{"name":"hexo","hostname":"Jakubs-MacBook-Pro.local","pid":47656,"level":20,"msg":"Processed: \u001b[35mlayout/_partial/isolate-sns_list.ejs\u001b[39m","time":"2017-11-10T22:57:10.662Z","v":0}
{"name":"hexo","hostname":"Jakubs-MacBook-Pro.local","pid":47656,"level":20,"msg":"Processed: \u001b[35mlayout/_partial/isolate_info.ejs\u001b[39m","time":"2017-11-10T22:57:10.662Z","v":0}
{"name":"hexo","hostname":"Jakubs-MacBook-Pro.local","pid":47656,"level":20,"msg":"Processed: \u001b[35mlayout/_partial/post-content.ejs\u001b[39m","time":"2017-11-10T22:57:10.662Z","v":0}
{"name":"hexo","hostname":"Jakubs-MacBook-Pro.local","pid":47656,"level":20,"msg":"Processed: \u001b[35mlayout/_partial/post-header.ejs\u001b[39m","time":"2017-11-10T22:57:10.662Z","v":0}
{"name":"hexo","hostname":"Jakubs-MacBook-Pro.local","pid":47656,"level":20,"msg":"Processed: \u001b[35mlayout/_partial/post-info-share.ejs\u001b[39m","time":"2017-11-10T22:57:10.662Z","v":0}
{"name":"hexo","hostname":"Jakubs-MacBook-Pro.local","pid":47656,"level":20,"msg":"Processed: \u001b[35mlayout/_partial/post-nav.ejs\u001b[39m","time":"2017-11-10T22:57:10.662Z","v":0}
{"name":"hexo","hostname":"Jakubs-MacBook-Pro.local","pid":47656,"level":20,"msg":"Processed: \u001b[35mlayout/_partial/sidebar-footer.ejs\u001b[39m","time":"2017-11-10T22:57:10.662Z","v":0}
{"name":"hexo","hostname":"Jakubs-MacBook-Pro.local","pid":47656,"level":20,"msg":"Processed: \u001b[35mlayout/_partial/sidebar-footer_image.ejs\u001b[39m","time":"2017-11-10T22:57:10.662Z","v":0}
{"name":"hexo","hostname":"Jakubs-MacBook-Pro.local","pid":47656,"level":20,"msg":"Processed: \u001b[35mlayout/_partial/sidebar-header.ejs\u001b[39m","time":"2017-11-10T22:57:10.662Z","v":0}
{"name":"hexo","hostname":"Jakubs-MacBook-Pro.local","pid":47656,"level":20,"msg":"Processed: \u001b[35mlayout/_partial/sidebar-navigation.ejs\u001b[39m","time":"2017-11-10T22:57:10.662Z","v":0}
{"name":"hexo","hostname":"Jakubs-MacBook-Pro.local","pid":47656,"level":20,"msg":"Processed: \u001b[35mlayout/_partial/sidebar.ejs\u001b[39m","time":"2017-11-10T22:57:10.662Z","v":0}
{"name":"hexo","hostname":"Jakubs-MacBook-Pro.local","pid":47656,"level":20,"msg":"Processed: \u001b[35mlayout/_partial/structured-data.ejs\u001b[39m","time":"2017-11-10T22:57:10.662Z","v":0}
{"name":"hexo","hostname":"Jakubs-MacBook-Pro.local","pid":47656,"level":20,"msg":"Processed: \u001b[35mlayout/_partial/toc_button.ejs\u001b[39m","time":"2017-11-10T22:57:10.663Z","v":0}
{"name":"hexo","hostname":"Jakubs-MacBook-Pro.local","pid":47656,"level":20,"msg":"Processed: \u001b[35mlayout/_widget/dnsprefetch.ejs\u001b[39m","time":"2017-11-10T22:57:10.663Z","v":0}
{"name":"hexo","hostname":"Jakubs-MacBook-Pro.local","pid":47656,"level":20,"msg":"Processed: \u001b[35mlayout/_widget/leancloud-like.ejs\u001b[39m","time":"2017-11-10T22:57:10.663Z","v":0}
{"name":"hexo","hostname":"Jakubs-MacBook-Pro.local","pid":47656,"level":20,"msg":"Processed: \u001b[35mlayout/_widget/leancloud-views.ejs\u001b[39m","time":"2017-11-10T22:57:10.663Z","v":0}
{"name":"hexo","hostname":"Jakubs-MacBook-Pro.local","pid":47656,"level":20,"msg":"Processed: \u001b[35mlayout/_widget/leancloud-views_num.ejs\u001b[39m","time":"2017-11-10T22:57:10.663Z","v":0}
{"name":"hexo","hostname":"Jakubs-MacBook-Pro.local","pid":47656,"level":20,"msg":"Processed: \u001b[35mlayout/_widget/mathjax.ejs\u001b[39m","time":"2017-11-10T22:57:10.663Z","v":0}
{"name":"hexo","hostname":"Jakubs-MacBook-Pro.local","pid":47656,"level":20,"msg":"Processed: \u001b[35mlayout/_widget/nprogress.ejs\u001b[39m","time":"2017-11-10T22:57:10.663Z","v":0}
{"name":"hexo","hostname":"Jakubs-MacBook-Pro.local","pid":47656,"level":20,"msg":"Processed: \u001b[35mlayout/_widget/page-gallery.ejs\u001b[39m","time":"2017-11-10T22:57:10.663Z","v":0}
{"name":"hexo","hostname":"Jakubs-MacBook-Pro.local","pid":47656,"level":20,"msg":"Processed: \u001b[35mlayout/_widget/page-links.ejs\u001b[39m","time":"2017-11-10T22:57:10.663Z","v":0}
{"name":"hexo","hostname":"Jakubs-MacBook-Pro.local","pid":47656,"level":20,"msg":"Processed: \u001b[35mlayout/_widget/page-tagcloud.ejs\u001b[39m","time":"2017-11-10T22:57:10.663Z","v":0}
{"name":"hexo","hostname":"Jakubs-MacBook-Pro.local","pid":47656,"level":20,"msg":"Processed: \u001b[35mlayout/_widget/page-timeline.ejs\u001b[39m","time":"2017-11-10T22:57:10.663Z","v":0}
{"name":"hexo","hostname":"Jakubs-MacBook-Pro.local","pid":47656,"level":20,"msg":"Processed: \u001b[35mlayout/_widget/qrcode.ejs\u001b[39m","time":"2017-11-10T22:57:10.663Z","v":0}
{"name":"hexo","hostname":"Jakubs-MacBook-Pro.local","pid":47656,"level":20,"msg":"Processed: \u001b[35mlayout/_widget/search-local-js.ejs\u001b[39m","time":"2017-11-10T22:57:10.663Z","v":0}
{"name":"hexo","hostname":"Jakubs-MacBook-Pro.local","pid":47656,"level":20,"msg":"Processed: \u001b[35mlayout/_widget/search-swiftype-js.ejs\u001b[39m","time":"2017-11-10T22:57:10.663Z","v":0}
{"name":"hexo","hostname":"Jakubs-MacBook-Pro.local","pid":47656,"level":20,"msg":"Processed: \u001b[35mlayout/_widget/analytics/baidu-analytics.ejs\u001b[39m","time":"2017-11-10T22:57:10.668Z","v":0}
{"name":"hexo","hostname":"Jakubs-MacBook-Pro.local","pid":47656,"level":20,"msg":"Processed: \u001b[35mlayout/_widget/analytics/cnzz-analytics.ejs\u001b[39m","time":"2017-11-10T22:57:10.668Z","v":0}
{"name":"hexo","hostname":"Jakubs-MacBook-Pro.local","pid":47656,"level":20,"msg":"Processed: \u001b[35mlayout/_widget/analytics/google-analytics.ejs\u001b[39m","time":"2017-11-10T22:57:10.668Z","v":0}
{"name":"hexo","hostname":"Jakubs-MacBook-Pro.local","pid":47656,"level":20,"msg":"Processed: \u001b[35msource/fonts/fontawesome-webfont.svg\u001b[39m","time":"2017-11-10T22:57:10.669Z","v":0}
{"name":"hexo","hostname":"Jakubs-MacBook-Pro.local","pid":47656,"level":20,"msg":"Processed: \u001b[35mlayout/_widget/comment/livere/common.ejs\u001b[39m","time":"2017-11-10T22:57:10.670Z","v":0}
{"name":"hexo","hostname":"Jakubs-MacBook-Pro.local","pid":47656,"level":20,"msg":"Processed: \u001b[35msource/fonts/Roboto-Black.ttf\u001b[39m","time":"2017-11-10T22:57:10.670Z","v":0}
{"name":"hexo","hostname":"Jakubs-MacBook-Pro.local","pid":47656,"level":20,"msg":"Processed: \u001b[35msource/fonts/Roboto-Bold.ttf\u001b[39m","time":"2017-11-10T22:57:10.671Z","v":0}
{"name":"hexo","hostname":"Jakubs-MacBook-Pro.local","pid":47656,"level":20,"msg":"Processed: \u001b[35msource/fonts/Roboto-Light.ttf\u001b[39m","time":"2017-11-10T22:57:10.671Z","v":0}
{"name":"hexo","hostname":"Jakubs-MacBook-Pro.local","pid":47656,"level":20,"msg":"Processed: \u001b[35msource/fonts/Roboto-Medium.ttf\u001b[39m","time":"2017-11-10T22:57:10.673Z","v":0}
{"name":"hexo","hostname":"Jakubs-MacBook-Pro.local","pid":47656,"level":20,"msg":"Processed: \u001b[35msource/fonts/Roboto-Regular.ttf\u001b[39m","time":"2017-11-10T22:57:10.673Z","v":0}
{"name":"hexo","hostname":"Jakubs-MacBook-Pro.local","pid":47656,"level":20,"msg":"Processed: \u001b[35msource/fonts/Roboto-Thin.ttf\u001b[39m","time":"2017-11-10T22:57:10.673Z","v":0}
{"name":"hexo","hostname":"Jakubs-MacBook-Pro.local","pid":47656,"level":20,"msg":"Processed: \u001b[35mlayout/_widget/comment/changyan/enter.ejs\u001b[39m","time":"2017-11-10T22:57:10.681Z","v":0}
{"name":"hexo","hostname":"Jakubs-MacBook-Pro.local","pid":47656,"level":20,"msg":"Processed: \u001b[35mlayout/_widget/comment/changyan/common.ejs\u001b[39m","time":"2017-11-10T22:57:10.681Z","v":0}
{"name":"hexo","hostname":"Jakubs-MacBook-Pro.local","pid":47656,"level":20,"msg":"Processed: \u001b[35mlayout/_widget/comment/changyan/main.ejs\u001b[39m","time":"2017-11-10T22:57:10.681Z","v":0}
{"name":"hexo","hostname":"Jakubs-MacBook-Pro.local","pid":47656,"level":20,"msg":"Processed: \u001b[35mlayout/_widget/comment/disqus/common.ejs\u001b[39m","time":"2017-11-10T22:57:10.682Z","v":0}
{"name":"hexo","hostname":"Jakubs-MacBook-Pro.local","pid":47656,"level":20,"msg":"Processed: \u001b[35mlayout/_widget/comment/disqus/enter.ejs\u001b[39m","time":"2017-11-10T22:57:10.682Z","v":0}
{"name":"hexo","hostname":"Jakubs-MacBook-Pro.local","pid":47656,"level":20,"msg":"Processed: \u001b[35mlayout/_widget/comment/disqus/main.ejs\u001b[39m","time":"2017-11-10T22:57:10.682Z","v":0}
{"name":"hexo","hostname":"Jakubs-MacBook-Pro.local","pid":47656,"level":20,"msg":"Processed: \u001b[35mlayout/_widget/comment/disqus_click/common.ejs\u001b[39m","time":"2017-11-10T22:57:10.682Z","v":0}
{"name":"hexo","hostname":"Jakubs-MacBook-Pro.local","pid":47656,"level":20,"msg":"Processed: \u001b[35mlayout/_widget/comment/disqus_click/enter.ejs\u001b[39m","time":"2017-11-10T22:57:10.682Z","v":0}
{"name":"hexo","hostname":"Jakubs-MacBook-Pro.local","pid":47656,"level":20,"msg":"Processed: \u001b[35mlayout/_widget/comment/gitalk/common.ejs\u001b[39m","time":"2017-11-10T22:57:10.682Z","v":0}
{"name":"hexo","hostname":"Jakubs-MacBook-Pro.local","pid":47656,"level":20,"msg":"Processed: \u001b[35mlayout/_widget/comment/disqus_click/main.ejs\u001b[39m","time":"2017-11-10T22:57:10.682Z","v":0}
{"name":"hexo","hostname":"Jakubs-MacBook-Pro.local","pid":47656,"level":20,"msg":"Processed: \u001b[35mlayout/_widget/comment/gitalk/enter.ejs\u001b[39m","time":"2017-11-10T22:57:10.682Z","v":0}
{"name":"hexo","hostname":"Jakubs-MacBook-Pro.local","pid":47656,"level":20,"msg":"Processed: \u001b[35mlayout/_widget/comment/gitalk/main.ejs\u001b[39m","time":"2017-11-10T22:57:10.682Z","v":0}
{"name":"hexo","hostname":"Jakubs-MacBook-Pro.local","pid":47656,"level":20,"msg":"Processed: \u001b[35mlayout/_widget/comment/gitment/common.ejs\u001b[39m","time":"2017-11-10T22:57:10.690Z","v":0}
{"name":"hexo","hostname":"Jakubs-MacBook-Pro.local","pid":47656,"level":20,"msg":"Processed: \u001b[35mlayout/_widget/comment/gitment/enter.ejs\u001b[39m","time":"2017-11-10T22:57:10.690Z","v":0}
{"name":"hexo","hostname":"Jakubs-MacBook-Pro.local","pid":47656,"level":20,"msg":"Processed: \u001b[35mlayout/_widget/comment/gitment/main.ejs\u001b[39m","time":"2017-11-10T22:57:10.690Z","v":0}
{"name":"hexo","hostname":"Jakubs-MacBook-Pro.local","pid":47656,"level":20,"msg":"Processed: \u001b[35mlayout/_widget/comment/livere/enter.ejs\u001b[39m","time":"2017-11-10T22:57:10.690Z","v":0}
{"name":"hexo","hostname":"Jakubs-MacBook-Pro.local","pid":47656,"level":20,"msg":"Processed: \u001b[35mlayout/_widget/comment/livere/main.ejs\u001b[39m","time":"2017-11-10T22:57:10.691Z","v":0}
{"name":"hexo","hostname":"Jakubs-MacBook-Pro.local","pid":47656,"level":20,"msg":"Processed: \u001b[35mlayout/_widget/comment/valine/common.ejs\u001b[39m","time":"2017-11-10T22:57:10.691Z","v":0}
{"name":"hexo","hostname":"Jakubs-MacBook-Pro.local","pid":47656,"level":20,"msg":"Processed: \u001b[35mlayout/_widget/comment/valine/enter.ejs\u001b[39m","time":"2017-11-10T22:57:10.691Z","v":0}
{"name":"hexo","hostname":"Jakubs-MacBook-Pro.local","pid":47656,"level":20,"msg":"Processed: \u001b[35mlayout/_widget/comment/valine/main.ejs\u001b[39m","time":"2017-11-10T22:57:10.691Z","v":0}
{"name":"hexo","hostname":"Jakubs-MacBook-Pro.local","pid":47656,"level":20,"msg":"Generator: \u001b[35mpage\u001b[39m","time":"2017-11-10T22:57:10.943Z","v":0}
{"name":"hexo","hostname":"Jakubs-MacBook-Pro.local","pid":47656,"level":20,"msg":"Generator: \u001b[35mpost\u001b[39m","time":"2017-11-10T22:57:10.943Z","v":0}
{"name":"hexo","hostname":"Jakubs-MacBook-Pro.local","pid":47656,"level":20,"msg":"Generator: \u001b[35mcategory\u001b[39m","time":"2017-11-10T22:57:10.943Z","v":0}
{"name":"hexo","hostname":"Jakubs-MacBook-Pro.local","pid":47656,"level":20,"msg":"Generator: \u001b[35marchive\u001b[39m","time":"2017-11-10T22:57:10.943Z","v":0}
{"name":"hexo","hostname":"Jakubs-MacBook-Pro.local","pid":47656,"level":20,"msg":"Generator: \u001b[35mtag\u001b[39m","time":"2017-11-10T22:57:10.943Z","v":0}
{"name":"hexo","hostname":"Jakubs-MacBook-Pro.local","pid":47656,"level":20,"msg":"Generator: \u001b[35mindex\u001b[39m","time":"2017-11-10T22:57:10.943Z","v":0}
{"name":"hexo","hostname":"Jakubs-MacBook-Pro.local","pid":47656,"level":20,"msg":"Generator: \u001b[35masset\u001b[39m","time":"2017-11-10T22:57:10.946Z","v":0}
{"name":"hexo","hostname":"Jakubs-MacBook-Pro.local","pid":47656,"level":30,"msg":"Hexo is running at \u001b[4mhttp://localhost:4000/\u001b[24m. Press Ctrl+C to stop.","time":"2017-11-10T22:57:10.952Z","v":0}
{"name":"hexo","hostname":"Jakubs-MacBook-Pro.local","pid":47656,"level":20,"msg":"Database saved","time":"2017-11-10T22:57:10.962Z","v":0}
{"name":"hexo","hostname":"Jakubs-MacBook-Pro.local","pid":47656,"level":20,"msg":"Rendering index: \u001b[35mindex.html\u001b[39m","time":"2017-11-10T22:57:16.068Z","v":0}
{"name":"hexo","hostname":"Jakubs-MacBook-Pro.local","pid":47656,"level":30,"msg":"See you again","time":"2017-11-11T10:36:19.459Z","v":0}
{"name":"hexo","hostname":"Jakubs-MacBook-Pro.local","pid":47656,"level":20,"msg":"Database saved","time":"2017-11-11T10:36:19.741Z","v":0}
